[06-Jul-2022 20:17:23 UTC] PHP Fatal error:  Uncaught ArgumentCountError: Too few arguments to function form::fstart(), 1 passed in C:\inetpub\wwwroot\ozgur\index.php on line 19 and exactly 2 expected in C:\inetpub\wwwroot\ozgur\form.php:22
Stack trace:
#0 C:\inetpub\wwwroot\ozgur\index.php(19): form->fstart()
#1 {main}
  thrown in C:\inetpub\wwwroot\ozgur\form.php on line 22
[06-Jul-2022 20:17:48 UTC] PHP Fatal error:  Uncaught ArgumentCountError: Too few arguments to function form::fstart(), 1 passed in C:\inetpub\wwwroot\ozgur\index.php on line 19 and exactly 2 expected in C:\inetpub\wwwroot\ozgur\form.php:22
Stack trace:
#0 C:\inetpub\wwwroot\ozgur\index.php(19): form->fstart()
#1 {main}
  thrown in C:\inetpub\wwwroot\ozgur\form.php on line 22
[06-Jul-2022 20:18:28 UTC] PHP Notice:  Undefined property: form::$id in C:\inetpub\wwwroot\ozgur\form.php on line 24
[06-Jul-2022 20:18:28 UTC] PHP Notice:  Undefined property: form::$id in C:\inetpub\wwwroot\ozgur\form.php on line 69
[06-Jul-2022 20:18:28 UTC] PHP Notice:  Undefined property: form::$text in C:\inetpub\wwwroot\ozgur\form.php on line 70
[06-Jul-2022 20:18:28 UTC] PHP Notice:  Undefined property: form::$style in C:\inetpub\wwwroot\ozgur\form.php on line 71
[06-Jul-2022 20:18:28 UTC] PHP Notice:  Undefined property: form::$id1 in C:\inetpub\wwwroot\ozgur\form.php on line 37
[06-Jul-2022 20:18:28 UTC] PHP Notice:  Undefined property: form::$type1 in C:\inetpub\wwwroot\ozgur\form.php on line 38
[06-Jul-2022 20:18:28 UTC] PHP Notice:  Undefined property: form::$class in C:\inetpub\wwwroot\ozgur\form.php on line 39
[06-Jul-2022 20:18:28 UTC] PHP Notice:  Undefined property: form::$stil in C:\inetpub\wwwroot\ozgur\form.php on line 40
[06-Jul-2022 20:18:28 UTC] PHP Notice:  Undefined property: form::$id in C:\inetpub\wwwroot\ozgur\form.php on line 69
[06-Jul-2022 20:18:28 UTC] PHP Notice:  Undefined property: form::$text in C:\inetpub\wwwroot\ozgur\form.php on line 70
[06-Jul-2022 20:18:28 UTC] PHP Notice:  Undefined property: form::$style in C:\inetpub\wwwroot\ozgur\form.php on line 71
[06-Jul-2022 20:18:28 UTC] PHP Notice:  Undefined property: form::$id1 in C:\inetpub\wwwroot\ozgur\form.php on line 37
[06-Jul-2022 20:18:28 UTC] PHP Notice:  Undefined property: form::$type1 in C:\inetpub\wwwroot\ozgur\form.php on line 38
[06-Jul-2022 20:18:28 UTC] PHP Notice:  Undefined property: form::$class in C:\inetpub\wwwroot\ozgur\form.php on line 39
[06-Jul-2022 20:18:28 UTC] PHP Notice:  Undefined property: form::$stil in C:\inetpub\wwwroot\ozgur\form.php on line 40
[06-Jul-2022 20:18:28 UTC] PHP Notice:  Undefined property: form::$id2 in C:\inetpub\wwwroot\ozgur\form.php on line 56
[06-Jul-2022 20:18:28 UTC] PHP Notice:  Undefined property: form::$submit in C:\inetpub\wwwroot\ozgur\form.php on line 57
[06-Jul-2022 20:18:28 UTC] PHP Notice:  Undefined property: form::$val in C:\inetpub\wwwroot\ozgur\form.php on line 58
[06-Jul-2022 20:18:28 UTC] PHP Notice:  Undefined property: form::$class in C:\inetpub\wwwroot\ozgur\form.php on line 59
[06-Jul-2022 20:18:28 UTC] PHP Notice:  Undefined property: form::$stil in C:\inetpub\wwwroot\ozgur\form.php on line 60
[06-Jul-2022 20:18:32 UTC] PHP Notice:  Undefined property: form::$id in C:\inetpub\wwwroot\ozgur\form.php on line 24
[06-Jul-2022 20:18:32 UTC] PHP Notice:  Undefined property: form::$id in C:\inetpub\wwwroot\ozgur\form.php on line 69
[06-Jul-2022 20:18:32 UTC] PHP Notice:  Undefined property: form::$text in C:\inetpub\wwwroot\ozgur\form.php on line 70
[06-Jul-2022 20:18:32 UTC] PHP Notice:  Undefined property: form::$style in C:\inetpub\wwwroot\ozgur\form.php on line 71
[06-Jul-2022 20:18:32 UTC] PHP Notice:  Undefined property: form::$id1 in C:\inetpub\wwwroot\ozgur\form.php on line 37
[06-Jul-2022 20:18:32 UTC] PHP Notice:  Undefined property: form::$type1 in C:\inetpub\wwwroot\ozgur\form.php on line 38
[06-Jul-2022 20:18:32 UTC] PHP Notice:  Undefined property: form::$class in C:\inetpub\wwwroot\ozgur\form.php on line 39
[06-Jul-2022 20:18:32 UTC] PHP Notice:  Undefined property: form::$stil in C:\inetpub\wwwroot\ozgur\form.php on line 40
[06-Jul-2022 20:18:32 UTC] PHP Notice:  Undefined property: form::$id in C:\inetpub\wwwroot\ozgur\form.php on line 69
[06-Jul-2022 20:18:32 UTC] PHP Notice:  Undefined property: form::$text in C:\inetpub\wwwroot\ozgur\form.php on line 70
[06-Jul-2022 20:18:32 UTC] PHP Notice:  Undefined property: form::$style in C:\inetpub\wwwroot\ozgur\form.php on line 71
[06-Jul-2022 20:18:32 UTC] PHP Notice:  Undefined property: form::$id1 in C:\inetpub\wwwroot\ozgur\form.php on line 37
[06-Jul-2022 20:18:32 UTC] PHP Notice:  Undefined property: form::$type1 in C:\inetpub\wwwroot\ozgur\form.php on line 38
[06-Jul-2022 20:18:32 UTC] PHP Notice:  Undefined property: form::$class in C:\inetpub\wwwroot\ozgur\form.php on line 39
[06-Jul-2022 20:18:32 UTC] PHP Notice:  Undefined property: form::$stil in C:\inetpub\wwwroot\ozgur\form.php on line 40
[06-Jul-2022 20:18:32 UTC] PHP Notice:  Undefined property: form::$id2 in C:\inetpub\wwwroot\ozgur\form.php on line 56
[06-Jul-2022 20:18:32 UTC] PHP Notice:  Undefined property: form::$submit in C:\inetpub\wwwroot\ozgur\form.php on line 57
[06-Jul-2022 20:18:32 UTC] PHP Notice:  Undefined property: form::$val in C:\inetpub\wwwroot\ozgur\form.php on line 58
[06-Jul-2022 20:18:32 UTC] PHP Notice:  Undefined property: form::$class in C:\inetpub\wwwroot\ozgur\form.php on line 59
[06-Jul-2022 20:18:32 UTC] PHP Notice:  Undefined property: form::$stil in C:\inetpub\wwwroot\ozgur\form.php on line 60
[06-Jul-2022 20:18:35 UTC] PHP Notice:  Undefined property: form::$id in C:\inetpub\wwwroot\ozgur\form.php on line 24
[06-Jul-2022 20:18:35 UTC] PHP Notice:  Undefined property: form::$id in C:\inetpub\wwwroot\ozgur\form.php on line 69
[06-Jul-2022 20:18:35 UTC] PHP Notice:  Undefined property: form::$text in C:\inetpub\wwwroot\ozgur\form.php on line 70
[06-Jul-2022 20:18:35 UTC] PHP Notice:  Undefined property: form::$style in C:\inetpub\wwwroot\ozgur\form.php on line 71
[06-Jul-2022 20:18:35 UTC] PHP Notice:  Undefined property: form::$id1 in C:\inetpub\wwwroot\ozgur\form.php on line 37
[06-Jul-2022 20:18:35 UTC] PHP Notice:  Undefined property: form::$type1 in C:\inetpub\wwwroot\ozgur\form.php on line 38
[06-Jul-2022 20:18:35 UTC] PHP Notice:  Undefined property: form::$class in C:\inetpub\wwwroot\ozgur\form.php on line 39
[06-Jul-2022 20:18:35 UTC] PHP Notice:  Undefined property: form::$stil in C:\inetpub\wwwroot\ozgur\form.php on line 40
[06-Jul-2022 20:18:35 UTC] PHP Notice:  Undefined property: form::$id in C:\inetpub\wwwroot\ozgur\form.php on line 69
[06-Jul-2022 20:18:35 UTC] PHP Notice:  Undefined property: form::$text in C:\inetpub\wwwroot\ozgur\form.php on line 70
[06-Jul-2022 20:18:35 UTC] PHP Notice:  Undefined property: form::$style in C:\inetpub\wwwroot\ozgur\form.php on line 71
[06-Jul-2022 20:18:35 UTC] PHP Notice:  Undefined property: form::$id1 in C:\inetpub\wwwroot\ozgur\form.php on line 37
[06-Jul-2022 20:18:35 UTC] PHP Notice:  Undefined property: form::$type1 in C:\inetpub\wwwroot\ozgur\form.php on line 38
[06-Jul-2022 20:18:35 UTC] PHP Notice:  Undefined property: form::$class in C:\inetpub\wwwroot\ozgur\form.php on line 39
[06-Jul-2022 20:18:35 UTC] PHP Notice:  Undefined property: form::$stil in C:\inetpub\wwwroot\ozgur\form.php on line 40
[06-Jul-2022 20:18:35 UTC] PHP Notice:  Undefined property: form::$id2 in C:\inetpub\wwwroot\ozgur\form.php on line 56
[06-Jul-2022 20:18:35 UTC] PHP Notice:  Undefined property: form::$submit in C:\inetpub\wwwroot\ozgur\form.php on line 57
[06-Jul-2022 20:18:35 UTC] PHP Notice:  Undefined property: form::$val in C:\inetpub\wwwroot\ozgur\form.php on line 58
[06-Jul-2022 20:18:35 UTC] PHP Notice:  Undefined property: form::$class in C:\inetpub\wwwroot\ozgur\form.php on line 59
[06-Jul-2022 20:18:35 UTC] PHP Notice:  Undefined property: form::$stil in C:\inetpub\wwwroot\ozgur\form.php on line 60
[06-Jul-2022 20:18:51 UTC] PHP Notice:  Undefined property: form::$id in C:\inetpub\wwwroot\ozgur\form.php on line 24
[06-Jul-2022 20:18:51 UTC] PHP Notice:  Undefined property: form::$id in C:\inetpub\wwwroot\ozgur\form.php on line 69
[06-Jul-2022 20:18:51 UTC] PHP Notice:  Undefined property: form::$text in C:\inetpub\wwwroot\ozgur\form.php on line 70
[06-Jul-2022 20:18:51 UTC] PHP Notice:  Undefined property: form::$style in C:\inetpub\wwwroot\ozgur\form.php on line 71
[06-Jul-2022 20:18:51 UTC] PHP Notice:  Undefined property: form::$id1 in C:\inetpub\wwwroot\ozgur\form.php on line 37
[06-Jul-2022 20:18:51 UTC] PHP Notice:  Undefined property: form::$type1 in C:\inetpub\wwwroot\ozgur\form.php on line 38
[06-Jul-2022 20:18:51 UTC] PHP Notice:  Undefined property: form::$class in C:\inetpub\wwwroot\ozgur\form.php on line 39
[06-Jul-2022 20:18:51 UTC] PHP Notice:  Undefined property: form::$stil in C:\inetpub\wwwroot\ozgur\form.php on line 40
[06-Jul-2022 20:18:51 UTC] PHP Notice:  Undefined property: form::$id in C:\inetpub\wwwroot\ozgur\form.php on line 69
[06-Jul-2022 20:18:51 UTC] PHP Notice:  Undefined property: form::$text in C:\inetpub\wwwroot\ozgur\form.php on line 70
[06-Jul-2022 20:18:51 UTC] PHP Notice:  Undefined property: form::$style in C:\inetpub\wwwroot\ozgur\form.php on line 71
[06-Jul-2022 20:18:51 UTC] PHP Notice:  Undefined property: form::$id1 in C:\inetpub\wwwroot\ozgur\form.php on line 37
[06-Jul-2022 20:18:51 UTC] PHP Notice:  Undefined property: form::$type1 in C:\inetpub\wwwroot\ozgur\form.php on line 38
[06-Jul-2022 20:18:51 UTC] PHP Notice:  Undefined property: form::$class in C:\inetpub\wwwroot\ozgur\form.php on line 39
[06-Jul-2022 20:18:51 UTC] PHP Notice:  Undefined property: form::$stil in C:\inetpub\wwwroot\ozgur\form.php on line 40
[06-Jul-2022 20:18:51 UTC] PHP Notice:  Undefined property: form::$id2 in C:\inetpub\wwwroot\ozgur\form.php on line 56
[06-Jul-2022 20:18:51 UTC] PHP Notice:  Undefined property: form::$submit in C:\inetpub\wwwroot\ozgur\form.php on line 57
[06-Jul-2022 20:18:51 UTC] PHP Notice:  Undefined property: form::$val in C:\inetpub\wwwroot\ozgur\form.php on line 58
[06-Jul-2022 20:18:51 UTC] PHP Notice:  Undefined property: form::$class in C:\inetpub\wwwroot\ozgur\form.php on line 59
[06-Jul-2022 20:18:51 UTC] PHP Notice:  Undefined property: form::$stil in C:\inetpub\wwwroot\ozgur\form.php on line 60
[06-Jul-2022 20:18:53 UTC] PHP Notice:  Undefined property: form::$id in C:\inetpub\wwwroot\ozgur\form.php on line 24
[06-Jul-2022 20:18:53 UTC] PHP Notice:  Undefined property: form::$id in C:\inetpub\wwwroot\ozgur\form.php on line 69
[06-Jul-2022 20:18:53 UTC] PHP Notice:  Undefined property: form::$text in C:\inetpub\wwwroot\ozgur\form.php on line 70
[06-Jul-2022 20:18:53 UTC] PHP Notice:  Undefined property: form::$style in C:\inetpub\wwwroot\ozgur\form.php on line 71
[06-Jul-2022 20:18:53 UTC] PHP Notice:  Undefined property: form::$id1 in C:\inetpub\wwwroot\ozgur\form.php on line 37
[06-Jul-2022 20:18:53 UTC] PHP Notice:  Undefined property: form::$type1 in C:\inetpub\wwwroot\ozgur\form.php on line 38
[06-Jul-2022 20:18:53 UTC] PHP Notice:  Undefined property: form::$class in C:\inetpub\wwwroot\ozgur\form.php on line 39
[06-Jul-2022 20:18:53 UTC] PHP Notice:  Undefined property: form::$stil in C:\inetpub\wwwroot\ozgur\form.php on line 40
[06-Jul-2022 20:18:53 UTC] PHP Notice:  Undefined property: form::$id in C:\inetpub\wwwroot\ozgur\form.php on line 69
[06-Jul-2022 20:18:53 UTC] PHP Notice:  Undefined property: form::$text in C:\inetpub\wwwroot\ozgur\form.php on line 70
[06-Jul-2022 20:18:53 UTC] PHP Notice:  Undefined property: form::$style in C:\inetpub\wwwroot\ozgur\form.php on line 71
[06-Jul-2022 20:18:53 UTC] PHP Notice:  Undefined property: form::$id1 in C:\inetpub\wwwroot\ozgur\form.php on line 37
[06-Jul-2022 20:18:53 UTC] PHP Notice:  Undefined property: form::$type1 in C:\inetpub\wwwroot\ozgur\form.php on line 38
[06-Jul-2022 20:18:53 UTC] PHP Notice:  Undefined property: form::$class in C:\inetpub\wwwroot\ozgur\form.php on line 39
[06-Jul-2022 20:18:53 UTC] PHP Notice:  Undefined property: form::$stil in C:\inetpub\wwwroot\ozgur\form.php on line 40
[06-Jul-2022 20:18:53 UTC] PHP Notice:  Undefined property: form::$id2 in C:\inetpub\wwwroot\ozgur\form.php on line 56
[06-Jul-2022 20:18:53 UTC] PHP Notice:  Undefined property: form::$submit in C:\inetpub\wwwroot\ozgur\form.php on line 57
[06-Jul-2022 20:18:53 UTC] PHP Notice:  Undefined property: form::$val in C:\inetpub\wwwroot\ozgur\form.php on line 58
[06-Jul-2022 20:18:53 UTC] PHP Notice:  Undefined property: form::$class in C:\inetpub\wwwroot\ozgur\form.php on line 59
[06-Jul-2022 20:18:53 UTC] PHP Notice:  Undefined property: form::$stil in C:\inetpub\wwwroot\ozgur\form.php on line 60
[06-Jul-2022 20:19:04 UTC] PHP Notice:  Undefined property: form::$id in C:\inetpub\wwwroot\ozgur\form.php on line 24
[06-Jul-2022 20:19:04 UTC] PHP Notice:  Undefined property: form::$id in C:\inetpub\wwwroot\ozgur\form.php on line 69
[06-Jul-2022 20:19:04 UTC] PHP Notice:  Undefined property: form::$text in C:\inetpub\wwwroot\ozgur\form.php on line 70
[06-Jul-2022 20:19:04 UTC] PHP Notice:  Undefined property: form::$style in C:\inetpub\wwwroot\ozgur\form.php on line 71
[06-Jul-2022 20:19:04 UTC] PHP Notice:  Undefined property: form::$id1 in C:\inetpub\wwwroot\ozgur\form.php on line 37
[06-Jul-2022 20:19:04 UTC] PHP Notice:  Undefined property: form::$type1 in C:\inetpub\wwwroot\ozgur\form.php on line 38
[06-Jul-2022 20:19:04 UTC] PHP Notice:  Undefined property: form::$class in C:\inetpub\wwwroot\ozgur\form.php on line 39
[06-Jul-2022 20:19:04 UTC] PHP Notice:  Undefined property: form::$stil in C:\inetpub\wwwroot\ozgur\form.php on line 40
[06-Jul-2022 20:19:04 UTC] PHP Notice:  Undefined property: form::$id in C:\inetpub\wwwroot\ozgur\form.php on line 69
[06-Jul-2022 20:19:04 UTC] PHP Notice:  Undefined property: form::$text in C:\inetpub\wwwroot\ozgur\form.php on line 70
[06-Jul-2022 20:19:04 UTC] PHP Notice:  Undefined property: form::$style in C:\inetpub\wwwroot\ozgur\form.php on line 71
[06-Jul-2022 20:19:04 UTC] PHP Notice:  Undefined property: form::$id1 in C:\inetpub\wwwroot\ozgur\form.php on line 37
[06-Jul-2022 20:19:04 UTC] PHP Notice:  Undefined property: form::$type1 in C:\inetpub\wwwroot\ozgur\form.php on line 38
[06-Jul-2022 20:19:04 UTC] PHP Notice:  Undefined property: form::$class in C:\inetpub\wwwroot\ozgur\form.php on line 39
[06-Jul-2022 20:19:04 UTC] PHP Notice:  Undefined property: form::$stil in C:\inetpub\wwwroot\ozgur\form.php on line 40
[06-Jul-2022 20:19:04 UTC] PHP Notice:  Undefined property: form::$id2 in C:\inetpub\wwwroot\ozgur\form.php on line 56
[06-Jul-2022 20:19:04 UTC] PHP Notice:  Undefined property: form::$submit in C:\inetpub\wwwroot\ozgur\form.php on line 57
[06-Jul-2022 20:19:04 UTC] PHP Notice:  Undefined property: form::$val in C:\inetpub\wwwroot\ozgur\form.php on line 58
[06-Jul-2022 20:19:04 UTC] PHP Notice:  Undefined property: form::$class in C:\inetpub\wwwroot\ozgur\form.php on line 59
[06-Jul-2022 20:19:04 UTC] PHP Notice:  Undefined property: form::$stil in C:\inetpub\wwwroot\ozgur\form.php on line 60
[06-Jul-2022 20:19:07 UTC] PHP Notice:  Undefined property: form::$id in C:\inetpub\wwwroot\ozgur\form.php on line 24
[06-Jul-2022 20:19:07 UTC] PHP Notice:  Undefined property: form::$id in C:\inetpub\wwwroot\ozgur\form.php on line 69
[06-Jul-2022 20:19:07 UTC] PHP Notice:  Undefined property: form::$text in C:\inetpub\wwwroot\ozgur\form.php on line 70
[06-Jul-2022 20:19:07 UTC] PHP Notice:  Undefined property: form::$style in C:\inetpub\wwwroot\ozgur\form.php on line 71
[06-Jul-2022 20:19:07 UTC] PHP Notice:  Undefined property: form::$id1 in C:\inetpub\wwwroot\ozgur\form.php on line 37
[06-Jul-2022 20:19:07 UTC] PHP Notice:  Undefined property: form::$type1 in C:\inetpub\wwwroot\ozgur\form.php on line 38
[06-Jul-2022 20:19:07 UTC] PHP Notice:  Undefined property: form::$class in C:\inetpub\wwwroot\ozgur\form.php on line 39
[06-Jul-2022 20:19:07 UTC] PHP Notice:  Undefined property: form::$stil in C:\inetpub\wwwroot\ozgur\form.php on line 40
[06-Jul-2022 20:19:07 UTC] PHP Notice:  Undefined property: form::$id in C:\inetpub\wwwroot\ozgur\form.php on line 69
[06-Jul-2022 20:19:07 UTC] PHP Notice:  Undefined property: form::$text in C:\inetpub\wwwroot\ozgur\form.php on line 70
[06-Jul-2022 20:19:07 UTC] PHP Notice:  Undefined property: form::$style in C:\inetpub\wwwroot\ozgur\form.php on line 71
[06-Jul-2022 20:19:07 UTC] PHP Notice:  Undefined property: form::$id1 in C:\inetpub\wwwroot\ozgur\form.php on line 37
[06-Jul-2022 20:19:07 UTC] PHP Notice:  Undefined property: form::$type1 in C:\inetpub\wwwroot\ozgur\form.php on line 38
[06-Jul-2022 20:19:07 UTC] PHP Notice:  Undefined property: form::$class in C:\inetpub\wwwroot\ozgur\form.php on line 39
[06-Jul-2022 20:19:07 UTC] PHP Notice:  Undefined property: form::$stil in C:\inetpub\wwwroot\ozgur\form.php on line 40
[06-Jul-2022 20:19:07 UTC] PHP Notice:  Undefined property: form::$id2 in C:\inetpub\wwwroot\ozgur\form.php on line 56
[06-Jul-2022 20:19:07 UTC] PHP Notice:  Undefined property: form::$submit in C:\inetpub\wwwroot\ozgur\form.php on line 57
[06-Jul-2022 20:19:07 UTC] PHP Notice:  Undefined property: form::$val in C:\inetpub\wwwroot\ozgur\form.php on line 58
[06-Jul-2022 20:19:07 UTC] PHP Notice:  Undefined property: form::$class in C:\inetpub\wwwroot\ozgur\form.php on line 59
[06-Jul-2022 20:19:07 UTC] PHP Notice:  Undefined property: form::$stil in C:\inetpub\wwwroot\ozgur\form.php on line 60
[06-Jul-2022 20:19:09 UTC] PHP Notice:  Undefined property: form::$id in C:\inetpub\wwwroot\ozgur\form.php on line 24
[06-Jul-2022 20:19:09 UTC] PHP Notice:  Undefined property: form::$id in C:\inetpub\wwwroot\ozgur\form.php on line 69
[06-Jul-2022 20:19:09 UTC] PHP Notice:  Undefined property: form::$text in C:\inetpub\wwwroot\ozgur\form.php on line 70
[06-Jul-2022 20:19:09 UTC] PHP Notice:  Undefined property: form::$style in C:\inetpub\wwwroot\ozgur\form.php on line 71
[06-Jul-2022 20:19:09 UTC] PHP Notice:  Undefined property: form::$id1 in C:\inetpub\wwwroot\ozgur\form.php on line 37
[06-Jul-2022 20:19:09 UTC] PHP Notice:  Undefined property: form::$type1 in C:\inetpub\wwwroot\ozgur\form.php on line 38
[06-Jul-2022 20:19:09 UTC] PHP Notice:  Undefined property: form::$class in C:\inetpub\wwwroot\ozgur\form.php on line 39
[06-Jul-2022 20:19:09 UTC] PHP Notice:  Undefined property: form::$stil in C:\inetpub\wwwroot\ozgur\form.php on line 40
[06-Jul-2022 20:19:09 UTC] PHP Notice:  Undefined property: form::$id in C:\inetpub\wwwroot\ozgur\form.php on line 69
[06-Jul-2022 20:19:09 UTC] PHP Notice:  Undefined property: form::$text in C:\inetpub\wwwroot\ozgur\form.php on line 70
[06-Jul-2022 20:19:09 UTC] PHP Notice:  Undefined property: form::$style in C:\inetpub\wwwroot\ozgur\form.php on line 71
[06-Jul-2022 20:19:09 UTC] PHP Notice:  Undefined property: form::$id1 in C:\inetpub\wwwroot\ozgur\form.php on line 37
[06-Jul-2022 20:19:09 UTC] PHP Notice:  Undefined property: form::$type1 in C:\inetpub\wwwroot\ozgur\form.php on line 38
[06-Jul-2022 20:19:09 UTC] PHP Notice:  Undefined property: form::$class in C:\inetpub\wwwroot\ozgur\form.php on line 39
[06-Jul-2022 20:19:09 UTC] PHP Notice:  Undefined property: form::$stil in C:\inetpub\wwwroot\ozgur\form.php on line 40
[06-Jul-2022 20:19:09 UTC] PHP Notice:  Undefined property: form::$id2 in C:\inetpub\wwwroot\ozgur\form.php on line 56
[06-Jul-2022 20:19:09 UTC] PHP Notice:  Undefined property: form::$submit in C:\inetpub\wwwroot\ozgur\form.php on line 57
[06-Jul-2022 20:19:09 UTC] PHP Notice:  Undefined property: form::$val in C:\inetpub\wwwroot\ozgur\form.php on line 58
[06-Jul-2022 20:19:09 UTC] PHP Notice:  Undefined property: form::$class in C:\inetpub\wwwroot\ozgur\form.php on line 59
[06-Jul-2022 20:19:09 UTC] PHP Notice:  Undefined property: form::$stil in C:\inetpub\wwwroot\ozgur\form.php on line 60
[06-Jul-2022 20:19:12 UTC] PHP Notice:  Undefined property: form::$id in C:\inetpub\wwwroot\ozgur\form.php on line 24
[06-Jul-2022 20:19:12 UTC] PHP Notice:  Undefined property: form::$id in C:\inetpub\wwwroot\ozgur\form.php on line 69
[06-Jul-2022 20:19:12 UTC] PHP Notice:  Undefined property: form::$text in C:\inetpub\wwwroot\ozgur\form.php on line 70
[06-Jul-2022 20:19:12 UTC] PHP Notice:  Undefined property: form::$style in C:\inetpub\wwwroot\ozgur\form.php on line 71
[06-Jul-2022 20:19:12 UTC] PHP Notice:  Undefined property: form::$id1 in C:\inetpub\wwwroot\ozgur\form.php on line 37
[06-Jul-2022 20:19:12 UTC] PHP Notice:  Undefined property: form::$type1 in C:\inetpub\wwwroot\ozgur\form.php on line 38
[06-Jul-2022 20:19:12 UTC] PHP Notice:  Undefined property: form::$class in C:\inetpub\wwwroot\ozgur\form.php on line 39
[06-Jul-2022 20:19:12 UTC] PHP Notice:  Undefined property: form::$stil in C:\inetpub\wwwroot\ozgur\form.php on line 40
[06-Jul-2022 20:19:12 UTC] PHP Notice:  Undefined property: form::$id in C:\inetpub\wwwroot\ozgur\form.php on line 69
[06-Jul-2022 20:19:12 UTC] PHP Notice:  Undefined property: form::$text in C:\inetpub\wwwroot\ozgur\form.php on line 70
[06-Jul-2022 20:19:12 UTC] PHP Notice:  Undefined property: form::$style in C:\inetpub\wwwroot\ozgur\form.php on line 71
[06-Jul-2022 20:19:12 UTC] PHP Notice:  Undefined property: form::$id1 in C:\inetpub\wwwroot\ozgur\form.php on line 37
[06-Jul-2022 20:19:12 UTC] PHP Notice:  Undefined property: form::$type1 in C:\inetpub\wwwroot\ozgur\form.php on line 38
[06-Jul-2022 20:19:12 UTC] PHP Notice:  Undefined property: form::$class in C:\inetpub\wwwroot\ozgur\form.php on line 39
[06-Jul-2022 20:19:12 UTC] PHP Notice:  Undefined property: form::$stil in C:\inetpub\wwwroot\ozgur\form.php on line 40
[06-Jul-2022 20:19:12 UTC] PHP Notice:  Undefined property: form::$id2 in C:\inetpub\wwwroot\ozgur\form.php on line 56
[06-Jul-2022 20:19:12 UTC] PHP Notice:  Undefined property: form::$submit in C:\inetpub\wwwroot\ozgur\form.php on line 57
[06-Jul-2022 20:19:12 UTC] PHP Notice:  Undefined property: form::$val in C:\inetpub\wwwroot\ozgur\form.php on line 58
[06-Jul-2022 20:19:12 UTC] PHP Notice:  Undefined property: form::$class in C:\inetpub\wwwroot\ozgur\form.php on line 59
[06-Jul-2022 20:19:12 UTC] PHP Notice:  Undefined property: form::$stil in C:\inetpub\wwwroot\ozgur\form.php on line 60
[06-Jul-2022 20:19:15 UTC] PHP Notice:  Undefined property: form::$id in C:\inetpub\wwwroot\ozgur\form.php on line 24
[06-Jul-2022 20:19:15 UTC] PHP Notice:  Undefined property: form::$id in C:\inetpub\wwwroot\ozgur\form.php on line 69
[06-Jul-2022 20:19:15 UTC] PHP Notice:  Undefined property: form::$text in C:\inetpub\wwwroot\ozgur\form.php on line 70
[06-Jul-2022 20:19:15 UTC] PHP Notice:  Undefined property: form::$style in C:\inetpub\wwwroot\ozgur\form.php on line 71
[06-Jul-2022 20:19:15 UTC] PHP Notice:  Undefined property: form::$id1 in C:\inetpub\wwwroot\ozgur\form.php on line 37
[06-Jul-2022 20:19:15 UTC] PHP Notice:  Undefined property: form::$type1 in C:\inetpub\wwwroot\ozgur\form.php on line 38
[06-Jul-2022 20:19:15 UTC] PHP Notice:  Undefined property: form::$class in C:\inetpub\wwwroot\ozgur\form.php on line 39
[06-Jul-2022 20:19:15 UTC] PHP Notice:  Undefined property: form::$stil in C:\inetpub\wwwroot\ozgur\form.php on line 40
[06-Jul-2022 20:19:15 UTC] PHP Notice:  Undefined property: form::$id in C:\inetpub\wwwroot\ozgur\form.php on line 69
[06-Jul-2022 20:19:15 UTC] PHP Notice:  Undefined property: form::$text in C:\inetpub\wwwroot\ozgur\form.php on line 70
[06-Jul-2022 20:19:15 UTC] PHP Notice:  Undefined property: form::$style in C:\inetpub\wwwroot\ozgur\form.php on line 71
[06-Jul-2022 20:19:15 UTC] PHP Notice:  Undefined property: form::$id1 in C:\inetpub\wwwroot\ozgur\form.php on line 37
[06-Jul-2022 20:19:15 UTC] PHP Notice:  Undefined property: form::$type1 in C:\inetpub\wwwroot\ozgur\form.php on line 38
[06-Jul-2022 20:19:15 UTC] PHP Notice:  Undefined property: form::$class in C:\inetpub\wwwroot\ozgur\form.php on line 39
[06-Jul-2022 20:19:15 UTC] PHP Notice:  Undefined property: form::$stil in C:\inetpub\wwwroot\ozgur\form.php on line 40
[06-Jul-2022 20:19:15 UTC] PHP Notice:  Undefined property: form::$id2 in C:\inetpub\wwwroot\ozgur\form.php on line 56
[06-Jul-2022 20:19:15 UTC] PHP Notice:  Undefined property: form::$submit in C:\inetpub\wwwroot\ozgur\form.php on line 57
[06-Jul-2022 20:19:15 UTC] PHP Notice:  Undefined property: form::$val in C:\inetpub\wwwroot\ozgur\form.php on line 58
[06-Jul-2022 20:19:15 UTC] PHP Notice:  Undefined property: form::$class in C:\inetpub\wwwroot\ozgur\form.php on line 59
[06-Jul-2022 20:19:15 UTC] PHP Notice:  Undefined property: form::$stil in C:\inetpub\wwwroot\ozgur\form.php on line 60
[06-Jul-2022 20:19:29 UTC] PHP Notice:  Undefined property: form::$id in C:\inetpub\wwwroot\ozgur\form.php on line 24
[06-Jul-2022 20:19:29 UTC] PHP Notice:  Undefined property: form::$id in C:\inetpub\wwwroot\ozgur\form.php on line 69
[06-Jul-2022 20:19:29 UTC] PHP Notice:  Undefined property: form::$text in C:\inetpub\wwwroot\ozgur\form.php on line 70
[06-Jul-2022 20:19:29 UTC] PHP Notice:  Undefined property: form::$style in C:\inetpub\wwwroot\ozgur\form.php on line 71
[06-Jul-2022 20:19:29 UTC] PHP Notice:  Undefined property: form::$id1 in C:\inetpub\wwwroot\ozgur\form.php on line 37
[06-Jul-2022 20:19:29 UTC] PHP Notice:  Undefined property: form::$type1 in C:\inetpub\wwwroot\ozgur\form.php on line 38
[06-Jul-2022 20:19:29 UTC] PHP Notice:  Undefined property: form::$class in C:\inetpub\wwwroot\ozgur\form.php on line 39
[06-Jul-2022 20:19:29 UTC] PHP Notice:  Undefined property: form::$stil in C:\inetpub\wwwroot\ozgur\form.php on line 40
[06-Jul-2022 20:19:29 UTC] PHP Notice:  Undefined property: form::$id in C:\inetpub\wwwroot\ozgur\form.php on line 69
[06-Jul-2022 20:19:29 UTC] PHP Notice:  Undefined property: form::$text in C:\inetpub\wwwroot\ozgur\form.php on line 70
[06-Jul-2022 20:19:29 UTC] PHP Notice:  Undefined property: form::$style in C:\inetpub\wwwroot\ozgur\form.php on line 71
[06-Jul-2022 20:19:29 UTC] PHP Notice:  Undefined property: form::$id1 in C:\inetpub\wwwroot\ozgur\form.php on line 37
[06-Jul-2022 20:19:29 UTC] PHP Notice:  Undefined property: form::$type1 in C:\inetpub\wwwroot\ozgur\form.php on line 38
[06-Jul-2022 20:19:29 UTC] PHP Notice:  Undefined property: form::$class in C:\inetpub\wwwroot\ozgur\form.php on line 39
[06-Jul-2022 20:19:29 UTC] PHP Notice:  Undefined property: form::$stil in C:\inetpub\wwwroot\ozgur\form.php on line 40
[06-Jul-2022 20:19:29 UTC] PHP Notice:  Undefined property: form::$id2 in C:\inetpub\wwwroot\ozgur\form.php on line 56
[06-Jul-2022 20:19:29 UTC] PHP Notice:  Undefined property: form::$submit in C:\inetpub\wwwroot\ozgur\form.php on line 57
[06-Jul-2022 20:19:29 UTC] PHP Notice:  Undefined property: form::$val in C:\inetpub\wwwroot\ozgur\form.php on line 58
[06-Jul-2022 20:19:29 UTC] PHP Notice:  Undefined property: form::$class in C:\inetpub\wwwroot\ozgur\form.php on line 59
[06-Jul-2022 20:19:29 UTC] PHP Notice:  Undefined property: form::$stil in C:\inetpub\wwwroot\ozgur\form.php on line 60
[06-Jul-2022 20:19:31 UTC] PHP Notice:  Undefined property: form::$id in C:\inetpub\wwwroot\ozgur\form.php on line 24
[06-Jul-2022 20:19:31 UTC] PHP Notice:  Undefined property: form::$id in C:\inetpub\wwwroot\ozgur\form.php on line 69
[06-Jul-2022 20:19:31 UTC] PHP Notice:  Undefined property: form::$text in C:\inetpub\wwwroot\ozgur\form.php on line 70
[06-Jul-2022 20:19:31 UTC] PHP Notice:  Undefined property: form::$style in C:\inetpub\wwwroot\ozgur\form.php on line 71
[06-Jul-2022 20:19:31 UTC] PHP Notice:  Undefined property: form::$id1 in C:\inetpub\wwwroot\ozgur\form.php on line 37
[06-Jul-2022 20:19:31 UTC] PHP Notice:  Undefined property: form::$type1 in C:\inetpub\wwwroot\ozgur\form.php on line 38
[06-Jul-2022 20:19:31 UTC] PHP Notice:  Undefined property: form::$class in C:\inetpub\wwwroot\ozgur\form.php on line 39
[06-Jul-2022 20:19:31 UTC] PHP Notice:  Undefined property: form::$stil in C:\inetpub\wwwroot\ozgur\form.php on line 40
[06-Jul-2022 20:19:31 UTC] PHP Notice:  Undefined property: form::$id in C:\inetpub\wwwroot\ozgur\form.php on line 69
[06-Jul-2022 20:19:31 UTC] PHP Notice:  Undefined property: form::$text in C:\inetpub\wwwroot\ozgur\form.php on line 70
[06-Jul-2022 20:19:31 UTC] PHP Notice:  Undefined property: form::$style in C:\inetpub\wwwroot\ozgur\form.php on line 71
[06-Jul-2022 20:19:31 UTC] PHP Notice:  Undefined property: form::$id1 in C:\inetpub\wwwroot\ozgur\form.php on line 37
[06-Jul-2022 20:19:31 UTC] PHP Notice:  Undefined property: form::$type1 in C:\inetpub\wwwroot\ozgur\form.php on line 38
[06-Jul-2022 20:19:31 UTC] PHP Notice:  Undefined property: form::$class in C:\inetpub\wwwroot\ozgur\form.php on line 39
[06-Jul-2022 20:19:31 UTC] PHP Notice:  Undefined property: form::$stil in C:\inetpub\wwwroot\ozgur\form.php on line 40
[06-Jul-2022 20:19:31 UTC] PHP Notice:  Undefined property: form::$id2 in C:\inetpub\wwwroot\ozgur\form.php on line 56
[06-Jul-2022 20:19:31 UTC] PHP Notice:  Undefined property: form::$submit in C:\inetpub\wwwroot\ozgur\form.php on line 57
[06-Jul-2022 20:19:31 UTC] PHP Notice:  Undefined property: form::$val in C:\inetpub\wwwroot\ozgur\form.php on line 58
[06-Jul-2022 20:19:31 UTC] PHP Notice:  Undefined property: form::$class in C:\inetpub\wwwroot\ozgur\form.php on line 59
[06-Jul-2022 20:19:31 UTC] PHP Notice:  Undefined property: form::$stil in C:\inetpub\wwwroot\ozgur\form.php on line 60
[06-Jul-2022 20:19:33 UTC] PHP Notice:  Undefined property: form::$id in C:\inetpub\wwwroot\ozgur\form.php on line 24
[06-Jul-2022 20:19:33 UTC] PHP Notice:  Undefined property: form::$id in C:\inetpub\wwwroot\ozgur\form.php on line 69
[06-Jul-2022 20:19:33 UTC] PHP Notice:  Undefined property: form::$text in C:\inetpub\wwwroot\ozgur\form.php on line 70
[06-Jul-2022 20:19:33 UTC] PHP Notice:  Undefined property: form::$style in C:\inetpub\wwwroot\ozgur\form.php on line 71
[06-Jul-2022 20:19:33 UTC] PHP Notice:  Undefined property: form::$id1 in C:\inetpub\wwwroot\ozgur\form.php on line 37
[06-Jul-2022 20:19:33 UTC] PHP Notice:  Undefined property: form::$type1 in C:\inetpub\wwwroot\ozgur\form.php on line 38
[06-Jul-2022 20:19:33 UTC] PHP Notice:  Undefined property: form::$class in C:\inetpub\wwwroot\ozgur\form.php on line 39
[06-Jul-2022 20:19:33 UTC] PHP Notice:  Undefined property: form::$stil in C:\inetpub\wwwroot\ozgur\form.php on line 40
[06-Jul-2022 20:19:33 UTC] PHP Notice:  Undefined property: form::$id in C:\inetpub\wwwroot\ozgur\form.php on line 69
[06-Jul-2022 20:19:33 UTC] PHP Notice:  Undefined property: form::$text in C:\inetpub\wwwroot\ozgur\form.php on line 70
[06-Jul-2022 20:19:33 UTC] PHP Notice:  Undefined property: form::$style in C:\inetpub\wwwroot\ozgur\form.php on line 71
[06-Jul-2022 20:19:33 UTC] PHP Notice:  Undefined property: form::$id1 in C:\inetpub\wwwroot\ozgur\form.php on line 37
[06-Jul-2022 20:19:33 UTC] PHP Notice:  Undefined property: form::$type1 in C:\inetpub\wwwroot\ozgur\form.php on line 38
[06-Jul-2022 20:19:33 UTC] PHP Notice:  Undefined property: form::$class in C:\inetpub\wwwroot\ozgur\form.php on line 39
[06-Jul-2022 20:19:33 UTC] PHP Notice:  Undefined property: form::$stil in C:\inetpub\wwwroot\ozgur\form.php on line 40
[06-Jul-2022 20:19:33 UTC] PHP Notice:  Undefined property: form::$id2 in C:\inetpub\wwwroot\ozgur\form.php on line 56
[06-Jul-2022 20:19:33 UTC] PHP Notice:  Undefined property: form::$submit in C:\inetpub\wwwroot\ozgur\form.php on line 57
[06-Jul-2022 20:19:33 UTC] PHP Notice:  Undefined property: form::$val in C:\inetpub\wwwroot\ozgur\form.php on line 58
[06-Jul-2022 20:19:33 UTC] PHP Notice:  Undefined property: form::$class in C:\inetpub\wwwroot\ozgur\form.php on line 59
[06-Jul-2022 20:19:33 UTC] PHP Notice:  Undefined property: form::$stil in C:\inetpub\wwwroot\ozgur\form.php on line 60
[06-Jul-2022 20:19:33 UTC] PHP Notice:  Undefined property: form::$id in C:\inetpub\wwwroot\ozgur\form.php on line 24
[06-Jul-2022 20:19:33 UTC] PHP Notice:  Undefined property: form::$id in C:\inetpub\wwwroot\ozgur\form.php on line 69
[06-Jul-2022 20:19:33 UTC] PHP Notice:  Undefined property: form::$text in C:\inetpub\wwwroot\ozgur\form.php on line 70
[06-Jul-2022 20:19:33 UTC] PHP Notice:  Undefined property: form::$style in C:\inetpub\wwwroot\ozgur\form.php on line 71
[06-Jul-2022 20:19:33 UTC] PHP Notice:  Undefined property: form::$id1 in C:\inetpub\wwwroot\ozgur\form.php on line 37
[06-Jul-2022 20:19:33 UTC] PHP Notice:  Undefined property: form::$type1 in C:\inetpub\wwwroot\ozgur\form.php on line 38
[06-Jul-2022 20:19:33 UTC] PHP Notice:  Undefined property: form::$class in C:\inetpub\wwwroot\ozgur\form.php on line 39
[06-Jul-2022 20:19:33 UTC] PHP Notice:  Undefined property: form::$stil in C:\inetpub\wwwroot\ozgur\form.php on line 40
[06-Jul-2022 20:19:33 UTC] PHP Notice:  Undefined property: form::$id in C:\inetpub\wwwroot\ozgur\form.php on line 69
[06-Jul-2022 20:19:33 UTC] PHP Notice:  Undefined property: form::$text in C:\inetpub\wwwroot\ozgur\form.php on line 70
[06-Jul-2022 20:19:33 UTC] PHP Notice:  Undefined property: form::$style in C:\inetpub\wwwroot\ozgur\form.php on line 71
[06-Jul-2022 20:19:33 UTC] PHP Notice:  Undefined property: form::$id1 in C:\inetpub\wwwroot\ozgur\form.php on line 37
[06-Jul-2022 20:19:33 UTC] PHP Notice:  Undefined property: form::$type1 in C:\inetpub\wwwroot\ozgur\form.php on line 38
[06-Jul-2022 20:19:33 UTC] PHP Notice:  Undefined property: form::$class in C:\inetpub\wwwroot\ozgur\form.php on line 39
[06-Jul-2022 20:19:33 UTC] PHP Notice:  Undefined property: form::$stil in C:\inetpub\wwwroot\ozgur\form.php on line 40
[06-Jul-2022 20:19:33 UTC] PHP Notice:  Undefined property: form::$id2 in C:\inetpub\wwwroot\ozgur\form.php on line 56
[06-Jul-2022 20:19:33 UTC] PHP Notice:  Undefined property: form::$submit in C:\inetpub\wwwroot\ozgur\form.php on line 57
[06-Jul-2022 20:19:33 UTC] PHP Notice:  Undefined property: form::$val in C:\inetpub\wwwroot\ozgur\form.php on line 58
[06-Jul-2022 20:19:33 UTC] PHP Notice:  Undefined property: form::$class in C:\inetpub\wwwroot\ozgur\form.php on line 59
[06-Jul-2022 20:19:33 UTC] PHP Notice:  Undefined property: form::$stil in C:\inetpub\wwwroot\ozgur\form.php on line 60
[06-Jul-2022 20:19:36 UTC] PHP Notice:  Undefined property: form::$id in C:\inetpub\wwwroot\ozgur\form.php on line 24
[06-Jul-2022 20:19:36 UTC] PHP Notice:  Undefined property: form::$id in C:\inetpub\wwwroot\ozgur\form.php on line 69
[06-Jul-2022 20:19:36 UTC] PHP Notice:  Undefined property: form::$text in C:\inetpub\wwwroot\ozgur\form.php on line 70
[06-Jul-2022 20:19:36 UTC] PHP Notice:  Undefined property: form::$style in C:\inetpub\wwwroot\ozgur\form.php on line 71
[06-Jul-2022 20:19:36 UTC] PHP Notice:  Undefined property: form::$id1 in C:\inetpub\wwwroot\ozgur\form.php on line 37
[06-Jul-2022 20:19:36 UTC] PHP Notice:  Undefined property: form::$type1 in C:\inetpub\wwwroot\ozgur\form.php on line 38
[06-Jul-2022 20:19:36 UTC] PHP Notice:  Undefined property: form::$class in C:\inetpub\wwwroot\ozgur\form.php on line 39
[06-Jul-2022 20:19:36 UTC] PHP Notice:  Undefined property: form::$stil in C:\inetpub\wwwroot\ozgur\form.php on line 40
[06-Jul-2022 20:19:36 UTC] PHP Notice:  Undefined property: form::$id in C:\inetpub\wwwroot\ozgur\form.php on line 69
[06-Jul-2022 20:19:36 UTC] PHP Notice:  Undefined property: form::$text in C:\inetpub\wwwroot\ozgur\form.php on line 70
[06-Jul-2022 20:19:36 UTC] PHP Notice:  Undefined property: form::$style in C:\inetpub\wwwroot\ozgur\form.php on line 71
[06-Jul-2022 20:19:36 UTC] PHP Notice:  Undefined property: form::$id1 in C:\inetpub\wwwroot\ozgur\form.php on line 37
[06-Jul-2022 20:19:36 UTC] PHP Notice:  Undefined property: form::$type1 in C:\inetpub\wwwroot\ozgur\form.php on line 38
[06-Jul-2022 20:19:36 UTC] PHP Notice:  Undefined property: form::$class in C:\inetpub\wwwroot\ozgur\form.php on line 39
[06-Jul-2022 20:19:36 UTC] PHP Notice:  Undefined property: form::$stil in C:\inetpub\wwwroot\ozgur\form.php on line 40
[06-Jul-2022 20:19:36 UTC] PHP Notice:  Undefined property: form::$id2 in C:\inetpub\wwwroot\ozgur\form.php on line 56
[06-Jul-2022 20:19:36 UTC] PHP Notice:  Undefined property: form::$submit in C:\inetpub\wwwroot\ozgur\form.php on line 57
[06-Jul-2022 20:19:36 UTC] PHP Notice:  Undefined property: form::$val in C:\inetpub\wwwroot\ozgur\form.php on line 58
[06-Jul-2022 20:19:36 UTC] PHP Notice:  Undefined property: form::$class in C:\inetpub\wwwroot\ozgur\form.php on line 59
[06-Jul-2022 20:19:36 UTC] PHP Notice:  Undefined property: form::$stil in C:\inetpub\wwwroot\ozgur\form.php on line 60
[06-Jul-2022 20:19:38 UTC] PHP Notice:  Undefined property: form::$id in C:\inetpub\wwwroot\ozgur\form.php on line 24
[06-Jul-2022 20:19:38 UTC] PHP Notice:  Undefined property: form::$id in C:\inetpub\wwwroot\ozgur\form.php on line 69
[06-Jul-2022 20:19:38 UTC] PHP Notice:  Undefined property: form::$text in C:\inetpub\wwwroot\ozgur\form.php on line 70
[06-Jul-2022 20:19:38 UTC] PHP Notice:  Undefined property: form::$style in C:\inetpub\wwwroot\ozgur\form.php on line 71
[06-Jul-2022 20:19:38 UTC] PHP Notice:  Undefined property: form::$id1 in C:\inetpub\wwwroot\ozgur\form.php on line 37
[06-Jul-2022 20:19:38 UTC] PHP Notice:  Undefined property: form::$type1 in C:\inetpub\wwwroot\ozgur\form.php on line 38
[06-Jul-2022 20:19:38 UTC] PHP Notice:  Undefined property: form::$class in C:\inetpub\wwwroot\ozgur\form.php on line 39
[06-Jul-2022 20:19:38 UTC] PHP Notice:  Undefined property: form::$stil in C:\inetpub\wwwroot\ozgur\form.php on line 40
[06-Jul-2022 20:19:38 UTC] PHP Notice:  Undefined property: form::$id in C:\inetpub\wwwroot\ozgur\form.php on line 69
[06-Jul-2022 20:19:38 UTC] PHP Notice:  Undefined property: form::$text in C:\inetpub\wwwroot\ozgur\form.php on line 70
[06-Jul-2022 20:19:38 UTC] PHP Notice:  Undefined property: form::$style in C:\inetpub\wwwroot\ozgur\form.php on line 71
[06-Jul-2022 20:19:38 UTC] PHP Notice:  Undefined property: form::$id1 in C:\inetpub\wwwroot\ozgur\form.php on line 37
[06-Jul-2022 20:19:38 UTC] PHP Notice:  Undefined property: form::$type1 in C:\inetpub\wwwroot\ozgur\form.php on line 38
[06-Jul-2022 20:19:38 UTC] PHP Notice:  Undefined property: form::$class in C:\inetpub\wwwroot\ozgur\form.php on line 39
[06-Jul-2022 20:19:38 UTC] PHP Notice:  Undefined property: form::$stil in C:\inetpub\wwwroot\ozgur\form.php on line 40
[06-Jul-2022 20:19:38 UTC] PHP Notice:  Undefined property: form::$id2 in C:\inetpub\wwwroot\ozgur\form.php on line 56
[06-Jul-2022 20:19:38 UTC] PHP Notice:  Undefined property: form::$submit in C:\inetpub\wwwroot\ozgur\form.php on line 57
[06-Jul-2022 20:19:38 UTC] PHP Notice:  Undefined property: form::$val in C:\inetpub\wwwroot\ozgur\form.php on line 58
[06-Jul-2022 20:19:38 UTC] PHP Notice:  Undefined property: form::$class in C:\inetpub\wwwroot\ozgur\form.php on line 59
[06-Jul-2022 20:19:38 UTC] PHP Notice:  Undefined property: form::$stil in C:\inetpub\wwwroot\ozgur\form.php on line 60
[07-Jul-2022 06:31:49 UTC] PHP Notice:  Undefined property: form::$id in C:\inetpub\wwwroot\ozgur\form.php on line 24
[07-Jul-2022 06:31:49 UTC] PHP Notice:  Undefined property: form::$id in C:\inetpub\wwwroot\ozgur\form.php on line 69
[07-Jul-2022 06:31:49 UTC] PHP Notice:  Undefined property: form::$text in C:\inetpub\wwwroot\ozgur\form.php on line 70
[07-Jul-2022 06:31:49 UTC] PHP Notice:  Undefined property: form::$style in C:\inetpub\wwwroot\ozgur\form.php on line 71
[07-Jul-2022 06:31:49 UTC] PHP Notice:  Undefined property: form::$id1 in C:\inetpub\wwwroot\ozgur\form.php on line 37
[07-Jul-2022 06:31:49 UTC] PHP Notice:  Undefined property: form::$type1 in C:\inetpub\wwwroot\ozgur\form.php on line 38
[07-Jul-2022 06:31:49 UTC] PHP Notice:  Undefined property: form::$class in C:\inetpub\wwwroot\ozgur\form.php on line 39
[07-Jul-2022 06:31:49 UTC] PHP Notice:  Undefined property: form::$stil in C:\inetpub\wwwroot\ozgur\form.php on line 40
[07-Jul-2022 06:31:49 UTC] PHP Notice:  Undefined property: form::$id in C:\inetpub\wwwroot\ozgur\form.php on line 69
[07-Jul-2022 06:31:49 UTC] PHP Notice:  Undefined property: form::$text in C:\inetpub\wwwroot\ozgur\form.php on line 70
[07-Jul-2022 06:31:49 UTC] PHP Notice:  Undefined property: form::$style in C:\inetpub\wwwroot\ozgur\form.php on line 71
[07-Jul-2022 06:31:49 UTC] PHP Notice:  Undefined property: form::$id1 in C:\inetpub\wwwroot\ozgur\form.php on line 37
[07-Jul-2022 06:31:49 UTC] PHP Notice:  Undefined property: form::$type1 in C:\inetpub\wwwroot\ozgur\form.php on line 38
[07-Jul-2022 06:31:49 UTC] PHP Notice:  Undefined property: form::$class in C:\inetpub\wwwroot\ozgur\form.php on line 39
[07-Jul-2022 06:31:49 UTC] PHP Notice:  Undefined property: form::$stil in C:\inetpub\wwwroot\ozgur\form.php on line 40
[07-Jul-2022 06:31:49 UTC] PHP Notice:  Undefined property: form::$id2 in C:\inetpub\wwwroot\ozgur\form.php on line 56
[07-Jul-2022 06:31:49 UTC] PHP Notice:  Undefined property: form::$submit in C:\inetpub\wwwroot\ozgur\form.php on line 57
[07-Jul-2022 06:31:49 UTC] PHP Notice:  Undefined property: form::$val in C:\inetpub\wwwroot\ozgur\form.php on line 58
[07-Jul-2022 06:31:49 UTC] PHP Notice:  Undefined property: form::$class in C:\inetpub\wwwroot\ozgur\form.php on line 59
[07-Jul-2022 06:31:49 UTC] PHP Notice:  Undefined property: form::$stil in C:\inetpub\wwwroot\ozgur\form.php on line 60
[07-Jul-2022 06:54:14 UTC] PHP Notice:  Undefined property: form::$id in C:\inetpub\wwwroot\ozgur\form.php on line 24
[07-Jul-2022 06:54:14 UTC] PHP Notice:  Undefined property: form::$id in C:\inetpub\wwwroot\ozgur\form.php on line 24
[07-Jul-2022 06:54:14 UTC] PHP Notice:  Undefined property: form::$id in C:\inetpub\wwwroot\ozgur\form.php on line 69
[07-Jul-2022 06:54:14 UTC] PHP Notice:  Undefined property: form::$id in C:\inetpub\wwwroot\ozgur\form.php on line 69
[07-Jul-2022 06:54:14 UTC] PHP Notice:  Undefined property: form::$text in C:\inetpub\wwwroot\ozgur\form.php on line 70
[07-Jul-2022 06:54:14 UTC] PHP Notice:  Undefined property: form::$style in C:\inetpub\wwwroot\ozgur\form.php on line 71
[07-Jul-2022 06:54:14 UTC] PHP Notice:  Undefined property: form::$id1 in C:\inetpub\wwwroot\ozgur\form.php on line 37
[07-Jul-2022 06:54:14 UTC] PHP Notice:  Undefined property: form::$type1 in C:\inetpub\wwwroot\ozgur\form.php on line 38
[07-Jul-2022 06:54:14 UTC] PHP Notice:  Undefined property: form::$text in C:\inetpub\wwwroot\ozgur\form.php on line 70
[07-Jul-2022 06:54:14 UTC] PHP Notice:  Undefined property: form::$class in C:\inetpub\wwwroot\ozgur\form.php on line 39
[07-Jul-2022 06:54:14 UTC] PHP Notice:  Undefined property: form::$style in C:\inetpub\wwwroot\ozgur\form.php on line 71
[07-Jul-2022 06:54:14 UTC] PHP Notice:  Undefined property: form::$stil in C:\inetpub\wwwroot\ozgur\form.php on line 40
[07-Jul-2022 06:54:14 UTC] PHP Notice:  Undefined property: form::$id1 in C:\inetpub\wwwroot\ozgur\form.php on line 37
[07-Jul-2022 06:54:14 UTC] PHP Notice:  Undefined property: form::$type1 in C:\inetpub\wwwroot\ozgur\form.php on line 38
[07-Jul-2022 06:54:14 UTC] PHP Notice:  Undefined property: form::$class in C:\inetpub\wwwroot\ozgur\form.php on line 39
[07-Jul-2022 06:54:14 UTC] PHP Notice:  Undefined property: form::$stil in C:\inetpub\wwwroot\ozgur\form.php on line 40
[07-Jul-2022 06:54:14 UTC] PHP Notice:  Undefined property: form::$id in C:\inetpub\wwwroot\ozgur\form.php on line 69
[07-Jul-2022 06:54:14 UTC] PHP Notice:  Undefined property: form::$text in C:\inetpub\wwwroot\ozgur\form.php on line 70
[07-Jul-2022 06:54:14 UTC] PHP Notice:  Undefined property: form::$style in C:\inetpub\wwwroot\ozgur\form.php on line 71
[07-Jul-2022 06:54:14 UTC] PHP Notice:  Undefined property: form::$id1 in C:\inetpub\wwwroot\ozgur\form.php on line 37
[07-Jul-2022 06:54:14 UTC] PHP Notice:  Undefined property: form::$type1 in C:\inetpub\wwwroot\ozgur\form.php on line 38
[07-Jul-2022 06:54:14 UTC] PHP Notice:  Undefined property: form::$class in C:\inetpub\wwwroot\ozgur\form.php on line 39
[07-Jul-2022 06:54:14 UTC] PHP Notice:  Undefined property: form::$id in C:\inetpub\wwwroot\ozgur\form.php on line 69
[07-Jul-2022 06:54:14 UTC] PHP Notice:  Undefined property: form::$stil in C:\inetpub\wwwroot\ozgur\form.php on line 40
[07-Jul-2022 06:54:14 UTC] PHP Notice:  Undefined property: form::$text in C:\inetpub\wwwroot\ozgur\form.php on line 70
[07-Jul-2022 06:54:14 UTC] PHP Notice:  Undefined property: form::$id2 in C:\inetpub\wwwroot\ozgur\form.php on line 56
[07-Jul-2022 06:54:14 UTC] PHP Notice:  Undefined property: form::$style in C:\inetpub\wwwroot\ozgur\form.php on line 71
[07-Jul-2022 06:54:14 UTC] PHP Notice:  Undefined property: form::$submit in C:\inetpub\wwwroot\ozgur\form.php on line 57
[07-Jul-2022 06:54:14 UTC] PHP Notice:  Undefined property: form::$val in C:\inetpub\wwwroot\ozgur\form.php on line 58
[07-Jul-2022 06:54:14 UTC] PHP Notice:  Undefined property: form::$id1 in C:\inetpub\wwwroot\ozgur\form.php on line 37
[07-Jul-2022 06:54:14 UTC] PHP Notice:  Undefined property: form::$class in C:\inetpub\wwwroot\ozgur\form.php on line 59
[07-Jul-2022 06:54:14 UTC] PHP Notice:  Undefined property: form::$type1 in C:\inetpub\wwwroot\ozgur\form.php on line 38
[07-Jul-2022 06:54:14 UTC] PHP Notice:  Undefined property: form::$stil in C:\inetpub\wwwroot\ozgur\form.php on line 60
[07-Jul-2022 06:54:14 UTC] PHP Notice:  Undefined property: form::$class in C:\inetpub\wwwroot\ozgur\form.php on line 39
[07-Jul-2022 06:54:14 UTC] PHP Notice:  Undefined property: form::$stil in C:\inetpub\wwwroot\ozgur\form.php on line 40
[07-Jul-2022 06:54:14 UTC] PHP Notice:  Undefined property: form::$id2 in C:\inetpub\wwwroot\ozgur\form.php on line 56
[07-Jul-2022 06:54:14 UTC] PHP Notice:  Undefined property: form::$submit in C:\inetpub\wwwroot\ozgur\form.php on line 57
[07-Jul-2022 06:54:14 UTC] PHP Notice:  Undefined property: form::$val in C:\inetpub\wwwroot\ozgur\form.php on line 58
[07-Jul-2022 06:54:14 UTC] PHP Notice:  Undefined property: form::$class in C:\inetpub\wwwroot\ozgur\form.php on line 59
[07-Jul-2022 06:54:14 UTC] PHP Notice:  Undefined property: form::$stil in C:\inetpub\wwwroot\ozgur\form.php on line 60
[07-Jul-2022 06:54:18 UTC] PHP Notice:  Undefined property: form::$id in C:\inetpub\wwwroot\ozgur\form.php on line 24
[07-Jul-2022 06:54:18 UTC] PHP Notice:  Undefined property: form::$id in C:\inetpub\wwwroot\ozgur\form.php on line 69
[07-Jul-2022 06:54:18 UTC] PHP Notice:  Undefined property: form::$text in C:\inetpub\wwwroot\ozgur\form.php on line 70
[07-Jul-2022 06:54:18 UTC] PHP Notice:  Undefined property: form::$style in C:\inetpub\wwwroot\ozgur\form.php on line 71
[07-Jul-2022 06:54:18 UTC] PHP Notice:  Undefined property: form::$id1 in C:\inetpub\wwwroot\ozgur\form.php on line 37
[07-Jul-2022 06:54:18 UTC] PHP Notice:  Undefined property: form::$type1 in C:\inetpub\wwwroot\ozgur\form.php on line 38
[07-Jul-2022 06:54:18 UTC] PHP Notice:  Undefined property: form::$class in C:\inetpub\wwwroot\ozgur\form.php on line 39
[07-Jul-2022 06:54:18 UTC] PHP Notice:  Undefined property: form::$stil in C:\inetpub\wwwroot\ozgur\form.php on line 40
[07-Jul-2022 06:54:18 UTC] PHP Notice:  Undefined property: form::$id in C:\inetpub\wwwroot\ozgur\form.php on line 69
[07-Jul-2022 06:54:18 UTC] PHP Notice:  Undefined property: form::$text in C:\inetpub\wwwroot\ozgur\form.php on line 70
[07-Jul-2022 06:54:18 UTC] PHP Notice:  Undefined property: form::$style in C:\inetpub\wwwroot\ozgur\form.php on line 71
[07-Jul-2022 06:54:18 UTC] PHP Notice:  Undefined property: form::$id1 in C:\inetpub\wwwroot\ozgur\form.php on line 37
[07-Jul-2022 06:54:18 UTC] PHP Notice:  Undefined property: form::$type1 in C:\inetpub\wwwroot\ozgur\form.php on line 38
[07-Jul-2022 06:54:18 UTC] PHP Notice:  Undefined property: form::$class in C:\inetpub\wwwroot\ozgur\form.php on line 39
[07-Jul-2022 06:54:18 UTC] PHP Notice:  Undefined property: form::$stil in C:\inetpub\wwwroot\ozgur\form.php on line 40
[07-Jul-2022 06:54:18 UTC] PHP Notice:  Undefined property: form::$id2 in C:\inetpub\wwwroot\ozgur\form.php on line 56
[07-Jul-2022 06:54:18 UTC] PHP Notice:  Undefined property: form::$submit in C:\inetpub\wwwroot\ozgur\form.php on line 57
[07-Jul-2022 06:54:18 UTC] PHP Notice:  Undefined property: form::$val in C:\inetpub\wwwroot\ozgur\form.php on line 58
[07-Jul-2022 06:54:18 UTC] PHP Notice:  Undefined property: form::$class in C:\inetpub\wwwroot\ozgur\form.php on line 59
[07-Jul-2022 06:54:18 UTC] PHP Notice:  Undefined property: form::$stil in C:\inetpub\wwwroot\ozgur\form.php on line 60
[07-Jul-2022 06:54:21 UTC] PHP Notice:  Undefined property: form::$id in C:\inetpub\wwwroot\ozgur\form.php on line 24
[07-Jul-2022 06:54:21 UTC] PHP Notice:  Undefined property: form::$id in C:\inetpub\wwwroot\ozgur\form.php on line 69
[07-Jul-2022 06:54:21 UTC] PHP Notice:  Undefined property: form::$text in C:\inetpub\wwwroot\ozgur\form.php on line 70
[07-Jul-2022 06:54:21 UTC] PHP Notice:  Undefined property: form::$style in C:\inetpub\wwwroot\ozgur\form.php on line 71
[07-Jul-2022 06:54:21 UTC] PHP Notice:  Undefined property: form::$id1 in C:\inetpub\wwwroot\ozgur\form.php on line 37
[07-Jul-2022 06:54:21 UTC] PHP Notice:  Undefined property: form::$type1 in C:\inetpub\wwwroot\ozgur\form.php on line 38
[07-Jul-2022 06:54:21 UTC] PHP Notice:  Undefined property: form::$class in C:\inetpub\wwwroot\ozgur\form.php on line 39
[07-Jul-2022 06:54:21 UTC] PHP Notice:  Undefined property: form::$stil in C:\inetpub\wwwroot\ozgur\form.php on line 40
[07-Jul-2022 06:54:21 UTC] PHP Notice:  Undefined property: form::$id in C:\inetpub\wwwroot\ozgur\form.php on line 69
[07-Jul-2022 06:54:21 UTC] PHP Notice:  Undefined property: form::$text in C:\inetpub\wwwroot\ozgur\form.php on line 70
[07-Jul-2022 06:54:21 UTC] PHP Notice:  Undefined property: form::$style in C:\inetpub\wwwroot\ozgur\form.php on line 71
[07-Jul-2022 06:54:21 UTC] PHP Notice:  Undefined property: form::$id1 in C:\inetpub\wwwroot\ozgur\form.php on line 37
[07-Jul-2022 06:54:21 UTC] PHP Notice:  Undefined property: form::$type1 in C:\inetpub\wwwroot\ozgur\form.php on line 38
[07-Jul-2022 06:54:21 UTC] PHP Notice:  Undefined property: form::$class in C:\inetpub\wwwroot\ozgur\form.php on line 39
[07-Jul-2022 06:54:21 UTC] PHP Notice:  Undefined property: form::$stil in C:\inetpub\wwwroot\ozgur\form.php on line 40
[07-Jul-2022 06:54:21 UTC] PHP Notice:  Undefined property: form::$id2 in C:\inetpub\wwwroot\ozgur\form.php on line 56
[07-Jul-2022 06:54:21 UTC] PHP Notice:  Undefined property: form::$submit in C:\inetpub\wwwroot\ozgur\form.php on line 57
[07-Jul-2022 06:54:21 UTC] PHP Notice:  Undefined property: form::$val in C:\inetpub\wwwroot\ozgur\form.php on line 58
[07-Jul-2022 06:54:21 UTC] PHP Notice:  Undefined property: form::$class in C:\inetpub\wwwroot\ozgur\form.php on line 59
[07-Jul-2022 06:54:21 UTC] PHP Notice:  Undefined property: form::$stil in C:\inetpub\wwwroot\ozgur\form.php on line 60
[07-Jul-2022 06:56:20 UTC] PHP Notice:  Undefined property: form::$id in C:\inetpub\wwwroot\ozgur\form.php on line 24
[07-Jul-2022 06:56:20 UTC] PHP Notice:  Undefined property: form::$id in C:\inetpub\wwwroot\ozgur\form.php on line 69
[07-Jul-2022 06:56:20 UTC] PHP Notice:  Undefined property: form::$text in C:\inetpub\wwwroot\ozgur\form.php on line 70
[07-Jul-2022 06:56:20 UTC] PHP Notice:  Undefined property: form::$style in C:\inetpub\wwwroot\ozgur\form.php on line 71
[07-Jul-2022 06:56:20 UTC] PHP Notice:  Undefined property: form::$id1 in C:\inetpub\wwwroot\ozgur\form.php on line 37
[07-Jul-2022 06:56:20 UTC] PHP Notice:  Undefined property: form::$type1 in C:\inetpub\wwwroot\ozgur\form.php on line 38
[07-Jul-2022 06:56:20 UTC] PHP Notice:  Undefined property: form::$class in C:\inetpub\wwwroot\ozgur\form.php on line 39
[07-Jul-2022 06:56:20 UTC] PHP Notice:  Undefined property: form::$stil in C:\inetpub\wwwroot\ozgur\form.php on line 40
[07-Jul-2022 06:56:20 UTC] PHP Notice:  Undefined property: form::$id in C:\inetpub\wwwroot\ozgur\form.php on line 24
[07-Jul-2022 06:56:20 UTC] PHP Notice:  Undefined property: form::$id in C:\inetpub\wwwroot\ozgur\form.php on line 69
[07-Jul-2022 06:56:20 UTC] PHP Notice:  Undefined property: form::$text in C:\inetpub\wwwroot\ozgur\form.php on line 70
[07-Jul-2022 06:56:20 UTC] PHP Notice:  Undefined property: form::$style in C:\inetpub\wwwroot\ozgur\form.php on line 71
[07-Jul-2022 06:56:20 UTC] PHP Notice:  Undefined property: form::$id in C:\inetpub\wwwroot\ozgur\form.php on line 69
[07-Jul-2022 06:56:20 UTC] PHP Notice:  Undefined property: form::$id1 in C:\inetpub\wwwroot\ozgur\form.php on line 37
[07-Jul-2022 06:56:20 UTC] PHP Notice:  Undefined property: form::$text in C:\inetpub\wwwroot\ozgur\form.php on line 70
[07-Jul-2022 06:56:20 UTC] PHP Notice:  Undefined property: form::$type1 in C:\inetpub\wwwroot\ozgur\form.php on line 38
[07-Jul-2022 06:56:20 UTC] PHP Notice:  Undefined property: form::$style in C:\inetpub\wwwroot\ozgur\form.php on line 71
[07-Jul-2022 06:56:20 UTC] PHP Notice:  Undefined property: form::$id1 in C:\inetpub\wwwroot\ozgur\form.php on line 37
[07-Jul-2022 06:56:20 UTC] PHP Notice:  Undefined property: form::$class in C:\inetpub\wwwroot\ozgur\form.php on line 39
[07-Jul-2022 06:56:20 UTC] PHP Notice:  Undefined property: form::$type1 in C:\inetpub\wwwroot\ozgur\form.php on line 38
[07-Jul-2022 06:56:20 UTC] PHP Notice:  Undefined property: form::$class in C:\inetpub\wwwroot\ozgur\form.php on line 39
[07-Jul-2022 06:56:20 UTC] PHP Notice:  Undefined property: form::$stil in C:\inetpub\wwwroot\ozgur\form.php on line 40
[07-Jul-2022 06:56:20 UTC] PHP Notice:  Undefined property: form::$stil in C:\inetpub\wwwroot\ozgur\form.php on line 40
[07-Jul-2022 06:56:20 UTC] PHP Notice:  Undefined property: form::$id2 in C:\inetpub\wwwroot\ozgur\form.php on line 56
[07-Jul-2022 06:56:20 UTC] PHP Notice:  Undefined property: form::$id in C:\inetpub\wwwroot\ozgur\form.php on line 69
[07-Jul-2022 06:56:20 UTC] PHP Notice:  Undefined property: form::$submit in C:\inetpub\wwwroot\ozgur\form.php on line 57
[07-Jul-2022 06:56:20 UTC] PHP Notice:  Undefined property: form::$text in C:\inetpub\wwwroot\ozgur\form.php on line 70
[07-Jul-2022 06:56:20 UTC] PHP Notice:  Undefined property: form::$val in C:\inetpub\wwwroot\ozgur\form.php on line 58
[07-Jul-2022 06:56:20 UTC] PHP Notice:  Undefined property: form::$style in C:\inetpub\wwwroot\ozgur\form.php on line 71
[07-Jul-2022 06:56:20 UTC] PHP Notice:  Undefined property: form::$class in C:\inetpub\wwwroot\ozgur\form.php on line 59
[07-Jul-2022 06:56:20 UTC] PHP Notice:  Undefined property: form::$id1 in C:\inetpub\wwwroot\ozgur\form.php on line 37
[07-Jul-2022 06:56:20 UTC] PHP Notice:  Undefined property: form::$stil in C:\inetpub\wwwroot\ozgur\form.php on line 60
[07-Jul-2022 06:56:20 UTC] PHP Notice:  Undefined property: form::$type1 in C:\inetpub\wwwroot\ozgur\form.php on line 38
[07-Jul-2022 06:56:20 UTC] PHP Notice:  Undefined property: form::$class in C:\inetpub\wwwroot\ozgur\form.php on line 39
[07-Jul-2022 06:56:20 UTC] PHP Notice:  Undefined property: form::$stil in C:\inetpub\wwwroot\ozgur\form.php on line 40
[07-Jul-2022 06:56:20 UTC] PHP Notice:  Undefined property: form::$id2 in C:\inetpub\wwwroot\ozgur\form.php on line 56
[07-Jul-2022 06:56:20 UTC] PHP Notice:  Undefined property: form::$submit in C:\inetpub\wwwroot\ozgur\form.php on line 57
[07-Jul-2022 06:56:20 UTC] PHP Notice:  Undefined property: form::$val in C:\inetpub\wwwroot\ozgur\form.php on line 58
[07-Jul-2022 06:56:20 UTC] PHP Notice:  Undefined property: form::$class in C:\inetpub\wwwroot\ozgur\form.php on line 59
[07-Jul-2022 06:56:20 UTC] PHP Notice:  Undefined property: form::$stil in C:\inetpub\wwwroot\ozgur\form.php on line 60
[07-Jul-2022 06:56:23 UTC] PHP Notice:  Undefined property: form::$id in C:\inetpub\wwwroot\ozgur\form.php on line 24
[07-Jul-2022 06:56:23 UTC] PHP Notice:  Undefined property: form::$id in C:\inetpub\wwwroot\ozgur\form.php on line 69
[07-Jul-2022 06:56:23 UTC] PHP Notice:  Undefined property: form::$text in C:\inetpub\wwwroot\ozgur\form.php on line 70
[07-Jul-2022 06:56:23 UTC] PHP Notice:  Undefined property: form::$style in C:\inetpub\wwwroot\ozgur\form.php on line 71
[07-Jul-2022 06:56:23 UTC] PHP Notice:  Undefined property: form::$id1 in C:\inetpub\wwwroot\ozgur\form.php on line 37
[07-Jul-2022 06:56:23 UTC] PHP Notice:  Undefined property: form::$type1 in C:\inetpub\wwwroot\ozgur\form.php on line 38
[07-Jul-2022 06:56:23 UTC] PHP Notice:  Undefined property: form::$class in C:\inetpub\wwwroot\ozgur\form.php on line 39
[07-Jul-2022 06:56:23 UTC] PHP Notice:  Undefined property: form::$stil in C:\inetpub\wwwroot\ozgur\form.php on line 40
[07-Jul-2022 06:56:23 UTC] PHP Notice:  Undefined property: form::$id in C:\inetpub\wwwroot\ozgur\form.php on line 69
[07-Jul-2022 06:56:23 UTC] PHP Notice:  Undefined property: form::$text in C:\inetpub\wwwroot\ozgur\form.php on line 70
[07-Jul-2022 06:56:23 UTC] PHP Notice:  Undefined property: form::$style in C:\inetpub\wwwroot\ozgur\form.php on line 71
[07-Jul-2022 06:56:23 UTC] PHP Notice:  Undefined property: form::$id1 in C:\inetpub\wwwroot\ozgur\form.php on line 37
[07-Jul-2022 06:56:23 UTC] PHP Notice:  Undefined property: form::$type1 in C:\inetpub\wwwroot\ozgur\form.php on line 38
[07-Jul-2022 06:56:23 UTC] PHP Notice:  Undefined property: form::$class in C:\inetpub\wwwroot\ozgur\form.php on line 39
[07-Jul-2022 06:56:23 UTC] PHP Notice:  Undefined property: form::$stil in C:\inetpub\wwwroot\ozgur\form.php on line 40
[07-Jul-2022 06:56:23 UTC] PHP Notice:  Undefined property: form::$id2 in C:\inetpub\wwwroot\ozgur\form.php on line 56
[07-Jul-2022 06:56:23 UTC] PHP Notice:  Undefined property: form::$submit in C:\inetpub\wwwroot\ozgur\form.php on line 57
[07-Jul-2022 06:56:23 UTC] PHP Notice:  Undefined property: form::$val in C:\inetpub\wwwroot\ozgur\form.php on line 58
[07-Jul-2022 06:56:23 UTC] PHP Notice:  Undefined property: form::$class in C:\inetpub\wwwroot\ozgur\form.php on line 59
[07-Jul-2022 06:56:23 UTC] PHP Notice:  Undefined property: form::$stil in C:\inetpub\wwwroot\ozgur\form.php on line 60
[07-Jul-2022 06:56:25 UTC] PHP Notice:  Undefined property: form::$id in C:\inetpub\wwwroot\ozgur\form.php on line 24
[07-Jul-2022 06:56:25 UTC] PHP Notice:  Undefined property: form::$id in C:\inetpub\wwwroot\ozgur\form.php on line 69
[07-Jul-2022 06:56:25 UTC] PHP Notice:  Undefined property: form::$text in C:\inetpub\wwwroot\ozgur\form.php on line 70
[07-Jul-2022 06:56:25 UTC] PHP Notice:  Undefined property: form::$style in C:\inetpub\wwwroot\ozgur\form.php on line 71
[07-Jul-2022 06:56:25 UTC] PHP Notice:  Undefined property: form::$id1 in C:\inetpub\wwwroot\ozgur\form.php on line 37
[07-Jul-2022 06:56:25 UTC] PHP Notice:  Undefined property: form::$type1 in C:\inetpub\wwwroot\ozgur\form.php on line 38
[07-Jul-2022 06:56:25 UTC] PHP Notice:  Undefined property: form::$class in C:\inetpub\wwwroot\ozgur\form.php on line 39
[07-Jul-2022 06:56:25 UTC] PHP Notice:  Undefined property: form::$stil in C:\inetpub\wwwroot\ozgur\form.php on line 40
[07-Jul-2022 06:56:25 UTC] PHP Notice:  Undefined property: form::$id in C:\inetpub\wwwroot\ozgur\form.php on line 69
[07-Jul-2022 06:56:25 UTC] PHP Notice:  Undefined property: form::$text in C:\inetpub\wwwroot\ozgur\form.php on line 70
[07-Jul-2022 06:56:25 UTC] PHP Notice:  Undefined property: form::$style in C:\inetpub\wwwroot\ozgur\form.php on line 71
[07-Jul-2022 06:56:25 UTC] PHP Notice:  Undefined property: form::$id1 in C:\inetpub\wwwroot\ozgur\form.php on line 37
[07-Jul-2022 06:56:25 UTC] PHP Notice:  Undefined property: form::$type1 in C:\inetpub\wwwroot\ozgur\form.php on line 38
[07-Jul-2022 06:56:25 UTC] PHP Notice:  Undefined property: form::$class in C:\inetpub\wwwroot\ozgur\form.php on line 39
[07-Jul-2022 06:56:25 UTC] PHP Notice:  Undefined property: form::$stil in C:\inetpub\wwwroot\ozgur\form.php on line 40
[07-Jul-2022 06:56:25 UTC] PHP Notice:  Undefined property: form::$id2 in C:\inetpub\wwwroot\ozgur\form.php on line 56
[07-Jul-2022 06:56:25 UTC] PHP Notice:  Undefined property: form::$submit in C:\inetpub\wwwroot\ozgur\form.php on line 57
[07-Jul-2022 06:56:25 UTC] PHP Notice:  Undefined property: form::$val in C:\inetpub\wwwroot\ozgur\form.php on line 58
[07-Jul-2022 06:56:25 UTC] PHP Notice:  Undefined property: form::$class in C:\inetpub\wwwroot\ozgur\form.php on line 59
[07-Jul-2022 06:56:25 UTC] PHP Notice:  Undefined property: form::$stil in C:\inetpub\wwwroot\ozgur\form.php on line 60
[07-Jul-2022 06:56:33 UTC] PHP Notice:  Undefined property: form::$id in C:\inetpub\wwwroot\ozgur\form.php on line 24
[07-Jul-2022 06:56:33 UTC] PHP Notice:  Undefined property: form::$id in C:\inetpub\wwwroot\ozgur\form.php on line 69
[07-Jul-2022 06:56:33 UTC] PHP Notice:  Undefined property: form::$text in C:\inetpub\wwwroot\ozgur\form.php on line 70
[07-Jul-2022 06:56:33 UTC] PHP Notice:  Undefined property: form::$style in C:\inetpub\wwwroot\ozgur\form.php on line 71
[07-Jul-2022 06:56:33 UTC] PHP Notice:  Undefined property: form::$id1 in C:\inetpub\wwwroot\ozgur\form.php on line 37
[07-Jul-2022 06:56:33 UTC] PHP Notice:  Undefined property: form::$type1 in C:\inetpub\wwwroot\ozgur\form.php on line 38
[07-Jul-2022 06:56:33 UTC] PHP Notice:  Undefined property: form::$class in C:\inetpub\wwwroot\ozgur\form.php on line 39
[07-Jul-2022 06:56:33 UTC] PHP Notice:  Undefined property: form::$stil in C:\inetpub\wwwroot\ozgur\form.php on line 40
[07-Jul-2022 06:56:33 UTC] PHP Notice:  Undefined property: form::$id in C:\inetpub\wwwroot\ozgur\form.php on line 69
[07-Jul-2022 06:56:33 UTC] PHP Notice:  Undefined property: form::$text in C:\inetpub\wwwroot\ozgur\form.php on line 70
[07-Jul-2022 06:56:33 UTC] PHP Notice:  Undefined property: form::$style in C:\inetpub\wwwroot\ozgur\form.php on line 71
[07-Jul-2022 06:56:33 UTC] PHP Notice:  Undefined property: form::$id1 in C:\inetpub\wwwroot\ozgur\form.php on line 37
[07-Jul-2022 06:56:33 UTC] PHP Notice:  Undefined property: form::$type1 in C:\inetpub\wwwroot\ozgur\form.php on line 38
[07-Jul-2022 06:56:33 UTC] PHP Notice:  Undefined property: form::$class in C:\inetpub\wwwroot\ozgur\form.php on line 39
[07-Jul-2022 06:56:33 UTC] PHP Notice:  Undefined property: form::$stil in C:\inetpub\wwwroot\ozgur\form.php on line 40
[07-Jul-2022 06:56:33 UTC] PHP Notice:  Undefined property: form::$id2 in C:\inetpub\wwwroot\ozgur\form.php on line 56
[07-Jul-2022 06:56:33 UTC] PHP Notice:  Undefined property: form::$submit in C:\inetpub\wwwroot\ozgur\form.php on line 57
[07-Jul-2022 06:56:33 UTC] PHP Notice:  Undefined property: form::$val in C:\inetpub\wwwroot\ozgur\form.php on line 58
[07-Jul-2022 06:56:33 UTC] PHP Notice:  Undefined property: form::$class in C:\inetpub\wwwroot\ozgur\form.php on line 59
[07-Jul-2022 06:56:33 UTC] PHP Notice:  Undefined property: form::$stil in C:\inetpub\wwwroot\ozgur\form.php on line 60
[07-Jul-2022 06:56:35 UTC] PHP Notice:  Undefined property: form::$id in C:\inetpub\wwwroot\ozgur\form.php on line 24
[07-Jul-2022 06:56:35 UTC] PHP Notice:  Undefined property: form::$id in C:\inetpub\wwwroot\ozgur\form.php on line 69
[07-Jul-2022 06:56:35 UTC] PHP Notice:  Undefined property: form::$text in C:\inetpub\wwwroot\ozgur\form.php on line 70
[07-Jul-2022 06:56:35 UTC] PHP Notice:  Undefined property: form::$style in C:\inetpub\wwwroot\ozgur\form.php on line 71
[07-Jul-2022 06:56:35 UTC] PHP Notice:  Undefined property: form::$id1 in C:\inetpub\wwwroot\ozgur\form.php on line 37
[07-Jul-2022 06:56:35 UTC] PHP Notice:  Undefined property: form::$type1 in C:\inetpub\wwwroot\ozgur\form.php on line 38
[07-Jul-2022 06:56:35 UTC] PHP Notice:  Undefined property: form::$class in C:\inetpub\wwwroot\ozgur\form.php on line 39
[07-Jul-2022 06:56:35 UTC] PHP Notice:  Undefined property: form::$stil in C:\inetpub\wwwroot\ozgur\form.php on line 40
[07-Jul-2022 06:56:35 UTC] PHP Notice:  Undefined property: form::$id in C:\inetpub\wwwroot\ozgur\form.php on line 69
[07-Jul-2022 06:56:35 UTC] PHP Notice:  Undefined property: form::$text in C:\inetpub\wwwroot\ozgur\form.php on line 70
[07-Jul-2022 06:56:35 UTC] PHP Notice:  Undefined property: form::$style in C:\inetpub\wwwroot\ozgur\form.php on line 71
[07-Jul-2022 06:56:35 UTC] PHP Notice:  Undefined property: form::$id1 in C:\inetpub\wwwroot\ozgur\form.php on line 37
[07-Jul-2022 06:56:35 UTC] PHP Notice:  Undefined property: form::$type1 in C:\inetpub\wwwroot\ozgur\form.php on line 38
[07-Jul-2022 06:56:35 UTC] PHP Notice:  Undefined property: form::$class in C:\inetpub\wwwroot\ozgur\form.php on line 39
[07-Jul-2022 06:56:35 UTC] PHP Notice:  Undefined property: form::$stil in C:\inetpub\wwwroot\ozgur\form.php on line 40
[07-Jul-2022 06:56:35 UTC] PHP Notice:  Undefined property: form::$id2 in C:\inetpub\wwwroot\ozgur\form.php on line 56
[07-Jul-2022 06:56:35 UTC] PHP Notice:  Undefined property: form::$submit in C:\inetpub\wwwroot\ozgur\form.php on line 57
[07-Jul-2022 06:56:35 UTC] PHP Notice:  Undefined property: form::$val in C:\inetpub\wwwroot\ozgur\form.php on line 58
[07-Jul-2022 06:56:35 UTC] PHP Notice:  Undefined property: form::$class in C:\inetpub\wwwroot\ozgur\form.php on line 59
[07-Jul-2022 06:56:35 UTC] PHP Notice:  Undefined property: form::$stil in C:\inetpub\wwwroot\ozgur\form.php on line 60
[07-Jul-2022 06:57:01 UTC] PHP Notice:  Undefined property: form::$id in C:\inetpub\wwwroot\ozgur\form.php on line 24
[07-Jul-2022 06:57:01 UTC] PHP Notice:  Undefined property: form::$id in C:\inetpub\wwwroot\ozgur\form.php on line 69
[07-Jul-2022 06:57:01 UTC] PHP Notice:  Undefined property: form::$text in C:\inetpub\wwwroot\ozgur\form.php on line 70
[07-Jul-2022 06:57:01 UTC] PHP Notice:  Undefined property: form::$style in C:\inetpub\wwwroot\ozgur\form.php on line 71
[07-Jul-2022 06:57:01 UTC] PHP Notice:  Undefined property: form::$id1 in C:\inetpub\wwwroot\ozgur\form.php on line 37
[07-Jul-2022 06:57:01 UTC] PHP Notice:  Undefined property: form::$type1 in C:\inetpub\wwwroot\ozgur\form.php on line 38
[07-Jul-2022 06:57:01 UTC] PHP Notice:  Undefined property: form::$class in C:\inetpub\wwwroot\ozgur\form.php on line 39
[07-Jul-2022 06:57:01 UTC] PHP Notice:  Undefined property: form::$stil in C:\inetpub\wwwroot\ozgur\form.php on line 40
[07-Jul-2022 06:57:01 UTC] PHP Notice:  Undefined property: form::$id in C:\inetpub\wwwroot\ozgur\form.php on line 69
[07-Jul-2022 06:57:01 UTC] PHP Notice:  Undefined property: form::$text in C:\inetpub\wwwroot\ozgur\form.php on line 70
[07-Jul-2022 06:57:01 UTC] PHP Notice:  Undefined property: form::$style in C:\inetpub\wwwroot\ozgur\form.php on line 71
[07-Jul-2022 06:57:01 UTC] PHP Notice:  Undefined property: form::$id1 in C:\inetpub\wwwroot\ozgur\form.php on line 37
[07-Jul-2022 06:57:01 UTC] PHP Notice:  Undefined property: form::$type1 in C:\inetpub\wwwroot\ozgur\form.php on line 38
[07-Jul-2022 06:57:01 UTC] PHP Notice:  Undefined property: form::$class in C:\inetpub\wwwroot\ozgur\form.php on line 39
[07-Jul-2022 06:57:01 UTC] PHP Notice:  Undefined property: form::$stil in C:\inetpub\wwwroot\ozgur\form.php on line 40
[07-Jul-2022 06:57:01 UTC] PHP Notice:  Undefined property: form::$id2 in C:\inetpub\wwwroot\ozgur\form.php on line 56
[07-Jul-2022 06:57:01 UTC] PHP Notice:  Undefined property: form::$submit in C:\inetpub\wwwroot\ozgur\form.php on line 57
[07-Jul-2022 06:57:01 UTC] PHP Notice:  Undefined property: form::$val in C:\inetpub\wwwroot\ozgur\form.php on line 58
[07-Jul-2022 06:57:01 UTC] PHP Notice:  Undefined property: form::$class in C:\inetpub\wwwroot\ozgur\form.php on line 59
[07-Jul-2022 06:57:01 UTC] PHP Notice:  Undefined property: form::$stil in C:\inetpub\wwwroot\ozgur\form.php on line 60
[07-Jul-2022 06:58:16 UTC] PHP Notice:  Undefined property: form::$id in C:\inetpub\wwwroot\ozgur\form.php on line 24
[07-Jul-2022 06:58:16 UTC] PHP Notice:  Undefined property: form::$id in C:\inetpub\wwwroot\ozgur\form.php on line 69
[07-Jul-2022 06:58:16 UTC] PHP Notice:  Undefined property: form::$text in C:\inetpub\wwwroot\ozgur\form.php on line 70
[07-Jul-2022 06:58:16 UTC] PHP Notice:  Undefined property: form::$style in C:\inetpub\wwwroot\ozgur\form.php on line 71
[07-Jul-2022 06:58:16 UTC] PHP Notice:  Undefined property: form::$id1 in C:\inetpub\wwwroot\ozgur\form.php on line 37
[07-Jul-2022 06:58:16 UTC] PHP Notice:  Undefined property: form::$type1 in C:\inetpub\wwwroot\ozgur\form.php on line 38
[07-Jul-2022 06:58:16 UTC] PHP Notice:  Undefined property: form::$class in C:\inetpub\wwwroot\ozgur\form.php on line 39
[07-Jul-2022 06:58:16 UTC] PHP Notice:  Undefined property: form::$stil in C:\inetpub\wwwroot\ozgur\form.php on line 40
[07-Jul-2022 06:58:16 UTC] PHP Notice:  Undefined property: form::$id in C:\inetpub\wwwroot\ozgur\form.php on line 69
[07-Jul-2022 06:58:16 UTC] PHP Notice:  Undefined property: form::$text in C:\inetpub\wwwroot\ozgur\form.php on line 70
[07-Jul-2022 06:58:16 UTC] PHP Notice:  Undefined property: form::$style in C:\inetpub\wwwroot\ozgur\form.php on line 71
[07-Jul-2022 06:58:16 UTC] PHP Notice:  Undefined property: form::$id1 in C:\inetpub\wwwroot\ozgur\form.php on line 37
[07-Jul-2022 06:58:16 UTC] PHP Notice:  Undefined property: form::$type1 in C:\inetpub\wwwroot\ozgur\form.php on line 38
[07-Jul-2022 06:58:16 UTC] PHP Notice:  Undefined property: form::$class in C:\inetpub\wwwroot\ozgur\form.php on line 39
[07-Jul-2022 06:58:16 UTC] PHP Notice:  Undefined property: form::$stil in C:\inetpub\wwwroot\ozgur\form.php on line 40
[07-Jul-2022 06:58:16 UTC] PHP Notice:  Undefined property: form::$id in C:\inetpub\wwwroot\ozgur\form.php on line 69
[07-Jul-2022 06:58:16 UTC] PHP Notice:  Undefined property: form::$text in C:\inetpub\wwwroot\ozgur\form.php on line 70
[07-Jul-2022 06:58:16 UTC] PHP Notice:  Undefined property: form::$style in C:\inetpub\wwwroot\ozgur\form.php on line 71
[07-Jul-2022 06:58:16 UTC] PHP Notice:  Undefined property: form::$id1 in C:\inetpub\wwwroot\ozgur\form.php on line 37
[07-Jul-2022 06:58:16 UTC] PHP Notice:  Undefined property: form::$type1 in C:\inetpub\wwwroot\ozgur\form.php on line 38
[07-Jul-2022 06:58:16 UTC] PHP Notice:  Undefined property: form::$class in C:\inetpub\wwwroot\ozgur\form.php on line 39
[07-Jul-2022 06:58:16 UTC] PHP Notice:  Undefined property: form::$stil in C:\inetpub\wwwroot\ozgur\form.php on line 40
[07-Jul-2022 06:58:16 UTC] PHP Notice:  Undefined property: form::$id2 in C:\inetpub\wwwroot\ozgur\form.php on line 56
[07-Jul-2022 06:58:16 UTC] PHP Notice:  Undefined property: form::$submit in C:\inetpub\wwwroot\ozgur\form.php on line 57
[07-Jul-2022 06:58:16 UTC] PHP Notice:  Undefined property: form::$val in C:\inetpub\wwwroot\ozgur\form.php on line 58
[07-Jul-2022 06:58:16 UTC] PHP Notice:  Undefined property: form::$class in C:\inetpub\wwwroot\ozgur\form.php on line 59
[07-Jul-2022 06:58:16 UTC] PHP Notice:  Undefined property: form::$stil in C:\inetpub\wwwroot\ozgur\form.php on line 60
[07-Jul-2022 06:58:19 UTC] PHP Notice:  Undefined property: form::$id in C:\inetpub\wwwroot\ozgur\form.php on line 24
[07-Jul-2022 06:58:19 UTC] PHP Notice:  Undefined property: form::$id in C:\inetpub\wwwroot\ozgur\form.php on line 69
[07-Jul-2022 06:58:19 UTC] PHP Notice:  Undefined property: form::$text in C:\inetpub\wwwroot\ozgur\form.php on line 70
[07-Jul-2022 06:58:19 UTC] PHP Notice:  Undefined property: form::$style in C:\inetpub\wwwroot\ozgur\form.php on line 71
[07-Jul-2022 06:58:19 UTC] PHP Notice:  Undefined property: form::$id1 in C:\inetpub\wwwroot\ozgur\form.php on line 37
[07-Jul-2022 06:58:19 UTC] PHP Notice:  Undefined property: form::$type1 in C:\inetpub\wwwroot\ozgur\form.php on line 38
[07-Jul-2022 06:58:19 UTC] PHP Notice:  Undefined property: form::$class in C:\inetpub\wwwroot\ozgur\form.php on line 39
[07-Jul-2022 06:58:19 UTC] PHP Notice:  Undefined property: form::$stil in C:\inetpub\wwwroot\ozgur\form.php on line 40
[07-Jul-2022 06:58:19 UTC] PHP Notice:  Undefined property: form::$id in C:\inetpub\wwwroot\ozgur\form.php on line 69
[07-Jul-2022 06:58:19 UTC] PHP Notice:  Undefined property: form::$text in C:\inetpub\wwwroot\ozgur\form.php on line 70
[07-Jul-2022 06:58:19 UTC] PHP Notice:  Undefined property: form::$style in C:\inetpub\wwwroot\ozgur\form.php on line 71
[07-Jul-2022 06:58:19 UTC] PHP Notice:  Undefined property: form::$id1 in C:\inetpub\wwwroot\ozgur\form.php on line 37
[07-Jul-2022 06:58:19 UTC] PHP Notice:  Undefined property: form::$type1 in C:\inetpub\wwwroot\ozgur\form.php on line 38
[07-Jul-2022 06:58:19 UTC] PHP Notice:  Undefined property: form::$class in C:\inetpub\wwwroot\ozgur\form.php on line 39
[07-Jul-2022 06:58:19 UTC] PHP Notice:  Undefined property: form::$stil in C:\inetpub\wwwroot\ozgur\form.php on line 40
[07-Jul-2022 06:58:19 UTC] PHP Notice:  Undefined property: form::$id in C:\inetpub\wwwroot\ozgur\form.php on line 69
[07-Jul-2022 06:58:19 UTC] PHP Notice:  Undefined property: form::$text in C:\inetpub\wwwroot\ozgur\form.php on line 70
[07-Jul-2022 06:58:19 UTC] PHP Notice:  Undefined property: form::$style in C:\inetpub\wwwroot\ozgur\form.php on line 71
[07-Jul-2022 06:58:19 UTC] PHP Notice:  Undefined property: form::$id1 in C:\inetpub\wwwroot\ozgur\form.php on line 37
[07-Jul-2022 06:58:19 UTC] PHP Notice:  Undefined property: form::$type1 in C:\inetpub\wwwroot\ozgur\form.php on line 38
[07-Jul-2022 06:58:19 UTC] PHP Notice:  Undefined property: form::$class in C:\inetpub\wwwroot\ozgur\form.php on line 39
[07-Jul-2022 06:58:19 UTC] PHP Notice:  Undefined property: form::$stil in C:\inetpub\wwwroot\ozgur\form.php on line 40
[07-Jul-2022 06:58:19 UTC] PHP Notice:  Undefined property: form::$id2 in C:\inetpub\wwwroot\ozgur\form.php on line 56
[07-Jul-2022 06:58:19 UTC] PHP Notice:  Undefined property: form::$submit in C:\inetpub\wwwroot\ozgur\form.php on line 57
[07-Jul-2022 06:58:19 UTC] PHP Notice:  Undefined property: form::$val in C:\inetpub\wwwroot\ozgur\form.php on line 58
[07-Jul-2022 06:58:19 UTC] PHP Notice:  Undefined property: form::$class in C:\inetpub\wwwroot\ozgur\form.php on line 59
[07-Jul-2022 06:58:19 UTC] PHP Notice:  Undefined property: form::$stil in C:\inetpub\wwwroot\ozgur\form.php on line 60
[07-Jul-2022 06:58:58 UTC] PHP Notice:  Undefined property: form::$id in C:\inetpub\wwwroot\ozgur\form.php on line 24
[07-Jul-2022 06:58:58 UTC] PHP Notice:  Undefined property: form::$id in C:\inetpub\wwwroot\ozgur\form.php on line 69
[07-Jul-2022 06:58:58 UTC] PHP Notice:  Undefined property: form::$text in C:\inetpub\wwwroot\ozgur\form.php on line 70
[07-Jul-2022 06:58:58 UTC] PHP Notice:  Undefined property: form::$style in C:\inetpub\wwwroot\ozgur\form.php on line 71
[07-Jul-2022 06:58:58 UTC] PHP Notice:  Undefined property: form::$id1 in C:\inetpub\wwwroot\ozgur\form.php on line 37
[07-Jul-2022 06:58:58 UTC] PHP Notice:  Undefined property: form::$type1 in C:\inetpub\wwwroot\ozgur\form.php on line 38
[07-Jul-2022 06:58:58 UTC] PHP Notice:  Undefined property: form::$class in C:\inetpub\wwwroot\ozgur\form.php on line 39
[07-Jul-2022 06:58:58 UTC] PHP Notice:  Undefined property: form::$stil in C:\inetpub\wwwroot\ozgur\form.php on line 40
[07-Jul-2022 06:58:58 UTC] PHP Notice:  Undefined property: form::$id in C:\inetpub\wwwroot\ozgur\form.php on line 69
[07-Jul-2022 06:58:58 UTC] PHP Notice:  Undefined property: form::$text in C:\inetpub\wwwroot\ozgur\form.php on line 70
[07-Jul-2022 06:58:58 UTC] PHP Notice:  Undefined property: form::$style in C:\inetpub\wwwroot\ozgur\form.php on line 71
[07-Jul-2022 06:58:58 UTC] PHP Notice:  Undefined property: form::$id1 in C:\inetpub\wwwroot\ozgur\form.php on line 37
[07-Jul-2022 06:58:58 UTC] PHP Notice:  Undefined property: form::$type1 in C:\inetpub\wwwroot\ozgur\form.php on line 38
[07-Jul-2022 06:58:58 UTC] PHP Notice:  Undefined property: form::$class in C:\inetpub\wwwroot\ozgur\form.php on line 39
[07-Jul-2022 06:58:58 UTC] PHP Notice:  Undefined property: form::$stil in C:\inetpub\wwwroot\ozgur\form.php on line 40
[07-Jul-2022 06:58:58 UTC] PHP Notice:  Undefined property: form::$id in C:\inetpub\wwwroot\ozgur\form.php on line 69
[07-Jul-2022 06:58:58 UTC] PHP Notice:  Undefined property: form::$text in C:\inetpub\wwwroot\ozgur\form.php on line 70
[07-Jul-2022 06:58:58 UTC] PHP Notice:  Undefined property: form::$style in C:\inetpub\wwwroot\ozgur\form.php on line 71
[07-Jul-2022 06:58:58 UTC] PHP Notice:  Undefined property: form::$id1 in C:\inetpub\wwwroot\ozgur\form.php on line 37
[07-Jul-2022 06:58:58 UTC] PHP Notice:  Undefined property: form::$type1 in C:\inetpub\wwwroot\ozgur\form.php on line 38
[07-Jul-2022 06:58:58 UTC] PHP Notice:  Undefined property: form::$class in C:\inetpub\wwwroot\ozgur\form.php on line 39
[07-Jul-2022 06:58:58 UTC] PHP Notice:  Undefined property: form::$stil in C:\inetpub\wwwroot\ozgur\form.php on line 40
[07-Jul-2022 06:58:58 UTC] PHP Notice:  Undefined property: form::$id2 in C:\inetpub\wwwroot\ozgur\form.php on line 56
[07-Jul-2022 06:58:58 UTC] PHP Notice:  Undefined property: form::$submit in C:\inetpub\wwwroot\ozgur\form.php on line 57
[07-Jul-2022 06:58:58 UTC] PHP Notice:  Undefined property: form::$val in C:\inetpub\wwwroot\ozgur\form.php on line 58
[07-Jul-2022 06:58:58 UTC] PHP Notice:  Undefined property: form::$class in C:\inetpub\wwwroot\ozgur\form.php on line 59
[07-Jul-2022 06:58:58 UTC] PHP Notice:  Undefined property: form::$stil in C:\inetpub\wwwroot\ozgur\form.php on line 60
[07-Jul-2022 06:59:01 UTC] PHP Notice:  Undefined property: form::$id in C:\inetpub\wwwroot\ozgur\form.php on line 24
[07-Jul-2022 06:59:01 UTC] PHP Notice:  Undefined property: form::$id in C:\inetpub\wwwroot\ozgur\form.php on line 69
[07-Jul-2022 06:59:01 UTC] PHP Notice:  Undefined property: form::$text in C:\inetpub\wwwroot\ozgur\form.php on line 70
[07-Jul-2022 06:59:01 UTC] PHP Notice:  Undefined property: form::$style in C:\inetpub\wwwroot\ozgur\form.php on line 71
[07-Jul-2022 06:59:01 UTC] PHP Notice:  Undefined property: form::$id1 in C:\inetpub\wwwroot\ozgur\form.php on line 37
[07-Jul-2022 06:59:01 UTC] PHP Notice:  Undefined property: form::$type1 in C:\inetpub\wwwroot\ozgur\form.php on line 38
[07-Jul-2022 06:59:01 UTC] PHP Notice:  Undefined property: form::$class in C:\inetpub\wwwroot\ozgur\form.php on line 39
[07-Jul-2022 06:59:01 UTC] PHP Notice:  Undefined property: form::$stil in C:\inetpub\wwwroot\ozgur\form.php on line 40
[07-Jul-2022 06:59:01 UTC] PHP Notice:  Undefined property: form::$id in C:\inetpub\wwwroot\ozgur\form.php on line 69
[07-Jul-2022 06:59:01 UTC] PHP Notice:  Undefined property: form::$text in C:\inetpub\wwwroot\ozgur\form.php on line 70
[07-Jul-2022 06:59:01 UTC] PHP Notice:  Undefined property: form::$style in C:\inetpub\wwwroot\ozgur\form.php on line 71
[07-Jul-2022 06:59:01 UTC] PHP Notice:  Undefined property: form::$id1 in C:\inetpub\wwwroot\ozgur\form.php on line 37
[07-Jul-2022 06:59:01 UTC] PHP Notice:  Undefined property: form::$type1 in C:\inetpub\wwwroot\ozgur\form.php on line 38
[07-Jul-2022 06:59:01 UTC] PHP Notice:  Undefined property: form::$class in C:\inetpub\wwwroot\ozgur\form.php on line 39
[07-Jul-2022 06:59:01 UTC] PHP Notice:  Undefined property: form::$stil in C:\inetpub\wwwroot\ozgur\form.php on line 40
[07-Jul-2022 06:59:01 UTC] PHP Notice:  Undefined property: form::$id in C:\inetpub\wwwroot\ozgur\form.php on line 69
[07-Jul-2022 06:59:01 UTC] PHP Notice:  Undefined property: form::$text in C:\inetpub\wwwroot\ozgur\form.php on line 70
[07-Jul-2022 06:59:01 UTC] PHP Notice:  Undefined property: form::$style in C:\inetpub\wwwroot\ozgur\form.php on line 71
[07-Jul-2022 06:59:01 UTC] PHP Notice:  Undefined property: form::$id1 in C:\inetpub\wwwroot\ozgur\form.php on line 37
[07-Jul-2022 06:59:01 UTC] PHP Notice:  Undefined property: form::$type1 in C:\inetpub\wwwroot\ozgur\form.php on line 38
[07-Jul-2022 06:59:01 UTC] PHP Notice:  Undefined property: form::$class in C:\inetpub\wwwroot\ozgur\form.php on line 39
[07-Jul-2022 06:59:01 UTC] PHP Notice:  Undefined property: form::$stil in C:\inetpub\wwwroot\ozgur\form.php on line 40
[07-Jul-2022 06:59:01 UTC] PHP Notice:  Undefined property: form::$id2 in C:\inetpub\wwwroot\ozgur\form.php on line 56
[07-Jul-2022 06:59:01 UTC] PHP Notice:  Undefined property: form::$submit in C:\inetpub\wwwroot\ozgur\form.php on line 57
[07-Jul-2022 06:59:01 UTC] PHP Notice:  Undefined property: form::$val in C:\inetpub\wwwroot\ozgur\form.php on line 58
[07-Jul-2022 06:59:01 UTC] PHP Notice:  Undefined property: form::$class in C:\inetpub\wwwroot\ozgur\form.php on line 59
[07-Jul-2022 06:59:01 UTC] PHP Notice:  Undefined property: form::$stil in C:\inetpub\wwwroot\ozgur\form.php on line 60
[07-Jul-2022 06:59:06 UTC] PHP Notice:  Undefined property: form::$id in C:\inetpub\wwwroot\ozgur\form.php on line 24
[07-Jul-2022 06:59:06 UTC] PHP Notice:  Undefined property: form::$id in C:\inetpub\wwwroot\ozgur\form.php on line 69
[07-Jul-2022 06:59:06 UTC] PHP Notice:  Undefined property: form::$text in C:\inetpub\wwwroot\ozgur\form.php on line 70
[07-Jul-2022 06:59:06 UTC] PHP Notice:  Undefined property: form::$style in C:\inetpub\wwwroot\ozgur\form.php on line 71
[07-Jul-2022 06:59:06 UTC] PHP Notice:  Undefined property: form::$id1 in C:\inetpub\wwwroot\ozgur\form.php on line 37
[07-Jul-2022 06:59:06 UTC] PHP Notice:  Undefined property: form::$type1 in C:\inetpub\wwwroot\ozgur\form.php on line 38
[07-Jul-2022 06:59:06 UTC] PHP Notice:  Undefined property: form::$class in C:\inetpub\wwwroot\ozgur\form.php on line 39
[07-Jul-2022 06:59:06 UTC] PHP Notice:  Undefined property: form::$stil in C:\inetpub\wwwroot\ozgur\form.php on line 40
[07-Jul-2022 06:59:06 UTC] PHP Notice:  Undefined property: form::$id in C:\inetpub\wwwroot\ozgur\form.php on line 69
[07-Jul-2022 06:59:06 UTC] PHP Notice:  Undefined property: form::$text in C:\inetpub\wwwroot\ozgur\form.php on line 70
[07-Jul-2022 06:59:06 UTC] PHP Notice:  Undefined property: form::$style in C:\inetpub\wwwroot\ozgur\form.php on line 71
[07-Jul-2022 06:59:06 UTC] PHP Notice:  Undefined property: form::$id1 in C:\inetpub\wwwroot\ozgur\form.php on line 37
[07-Jul-2022 06:59:06 UTC] PHP Notice:  Undefined property: form::$type1 in C:\inetpub\wwwroot\ozgur\form.php on line 38
[07-Jul-2022 06:59:06 UTC] PHP Notice:  Undefined property: form::$class in C:\inetpub\wwwroot\ozgur\form.php on line 39
[07-Jul-2022 06:59:06 UTC] PHP Notice:  Undefined property: form::$stil in C:\inetpub\wwwroot\ozgur\form.php on line 40
[07-Jul-2022 06:59:06 UTC] PHP Notice:  Undefined property: form::$id in C:\inetpub\wwwroot\ozgur\form.php on line 69
[07-Jul-2022 06:59:06 UTC] PHP Notice:  Undefined property: form::$text in C:\inetpub\wwwroot\ozgur\form.php on line 70
[07-Jul-2022 06:59:06 UTC] PHP Notice:  Undefined property: form::$style in C:\inetpub\wwwroot\ozgur\form.php on line 71
[07-Jul-2022 06:59:06 UTC] PHP Notice:  Undefined property: form::$id1 in C:\inetpub\wwwroot\ozgur\form.php on line 37
[07-Jul-2022 06:59:06 UTC] PHP Notice:  Undefined property: form::$type1 in C:\inetpub\wwwroot\ozgur\form.php on line 38
[07-Jul-2022 06:59:06 UTC] PHP Notice:  Undefined property: form::$class in C:\inetpub\wwwroot\ozgur\form.php on line 39
[07-Jul-2022 06:59:06 UTC] PHP Notice:  Undefined property: form::$stil in C:\inetpub\wwwroot\ozgur\form.php on line 40
[07-Jul-2022 06:59:06 UTC] PHP Notice:  Undefined property: form::$id2 in C:\inetpub\wwwroot\ozgur\form.php on line 56
[07-Jul-2022 06:59:06 UTC] PHP Notice:  Undefined property: form::$submit in C:\inetpub\wwwroot\ozgur\form.php on line 57
[07-Jul-2022 06:59:06 UTC] PHP Notice:  Undefined property: form::$val in C:\inetpub\wwwroot\ozgur\form.php on line 58
[07-Jul-2022 06:59:06 UTC] PHP Notice:  Undefined property: form::$class in C:\inetpub\wwwroot\ozgur\form.php on line 59
[07-Jul-2022 06:59:06 UTC] PHP Notice:  Undefined property: form::$stil in C:\inetpub\wwwroot\ozgur\form.php on line 60
[07-Jul-2022 06:59:12 UTC] PHP Notice:  Undefined property: form::$id in C:\inetpub\wwwroot\ozgur\form.php on line 24
[07-Jul-2022 06:59:12 UTC] PHP Notice:  Undefined property: form::$id in C:\inetpub\wwwroot\ozgur\form.php on line 69
[07-Jul-2022 06:59:12 UTC] PHP Notice:  Undefined property: form::$text in C:\inetpub\wwwroot\ozgur\form.php on line 70
[07-Jul-2022 06:59:12 UTC] PHP Notice:  Undefined property: form::$style in C:\inetpub\wwwroot\ozgur\form.php on line 71
[07-Jul-2022 06:59:12 UTC] PHP Notice:  Undefined property: form::$id1 in C:\inetpub\wwwroot\ozgur\form.php on line 37
[07-Jul-2022 06:59:12 UTC] PHP Notice:  Undefined property: form::$type1 in C:\inetpub\wwwroot\ozgur\form.php on line 38
[07-Jul-2022 06:59:12 UTC] PHP Notice:  Undefined property: form::$class in C:\inetpub\wwwroot\ozgur\form.php on line 39
[07-Jul-2022 06:59:12 UTC] PHP Notice:  Undefined property: form::$stil in C:\inetpub\wwwroot\ozgur\form.php on line 40
[07-Jul-2022 06:59:12 UTC] PHP Notice:  Undefined property: form::$id in C:\inetpub\wwwroot\ozgur\form.php on line 69
[07-Jul-2022 06:59:12 UTC] PHP Notice:  Undefined property: form::$text in C:\inetpub\wwwroot\ozgur\form.php on line 70
[07-Jul-2022 06:59:12 UTC] PHP Notice:  Undefined property: form::$style in C:\inetpub\wwwroot\ozgur\form.php on line 71
[07-Jul-2022 06:59:12 UTC] PHP Notice:  Undefined property: form::$id1 in C:\inetpub\wwwroot\ozgur\form.php on line 37
[07-Jul-2022 06:59:12 UTC] PHP Notice:  Undefined property: form::$type1 in C:\inetpub\wwwroot\ozgur\form.php on line 38
[07-Jul-2022 06:59:12 UTC] PHP Notice:  Undefined property: form::$class in C:\inetpub\wwwroot\ozgur\form.php on line 39
[07-Jul-2022 06:59:12 UTC] PHP Notice:  Undefined property: form::$stil in C:\inetpub\wwwroot\ozgur\form.php on line 40
[07-Jul-2022 06:59:12 UTC] PHP Notice:  Undefined property: form::$id in C:\inetpub\wwwroot\ozgur\form.php on line 69
[07-Jul-2022 06:59:12 UTC] PHP Notice:  Undefined property: form::$text in C:\inetpub\wwwroot\ozgur\form.php on line 70
[07-Jul-2022 06:59:12 UTC] PHP Notice:  Undefined property: form::$style in C:\inetpub\wwwroot\ozgur\form.php on line 71
[07-Jul-2022 06:59:12 UTC] PHP Notice:  Undefined property: form::$id1 in C:\inetpub\wwwroot\ozgur\form.php on line 37
[07-Jul-2022 06:59:12 UTC] PHP Notice:  Undefined property: form::$type1 in C:\inetpub\wwwroot\ozgur\form.php on line 38
[07-Jul-2022 06:59:12 UTC] PHP Notice:  Undefined property: form::$class in C:\inetpub\wwwroot\ozgur\form.php on line 39
[07-Jul-2022 06:59:12 UTC] PHP Notice:  Undefined property: form::$stil in C:\inetpub\wwwroot\ozgur\form.php on line 40
[07-Jul-2022 06:59:12 UTC] PHP Notice:  Undefined property: form::$id2 in C:\inetpub\wwwroot\ozgur\form.php on line 56
[07-Jul-2022 06:59:12 UTC] PHP Notice:  Undefined property: form::$submit in C:\inetpub\wwwroot\ozgur\form.php on line 57
[07-Jul-2022 06:59:12 UTC] PHP Notice:  Undefined property: form::$val in C:\inetpub\wwwroot\ozgur\form.php on line 58
[07-Jul-2022 06:59:12 UTC] PHP Notice:  Undefined property: form::$class in C:\inetpub\wwwroot\ozgur\form.php on line 59
[07-Jul-2022 06:59:12 UTC] PHP Notice:  Undefined property: form::$stil in C:\inetpub\wwwroot\ozgur\form.php on line 60
[07-Jul-2022 06:59:26 UTC] PHP Notice:  Undefined property: form::$id in C:\inetpub\wwwroot\ozgur\form.php on line 24
[07-Jul-2022 06:59:26 UTC] PHP Notice:  Undefined property: form::$id in C:\inetpub\wwwroot\ozgur\form.php on line 69
[07-Jul-2022 06:59:26 UTC] PHP Notice:  Undefined property: form::$text in C:\inetpub\wwwroot\ozgur\form.php on line 70
[07-Jul-2022 06:59:26 UTC] PHP Notice:  Undefined property: form::$style in C:\inetpub\wwwroot\ozgur\form.php on line 71
[07-Jul-2022 06:59:26 UTC] PHP Notice:  Undefined property: form::$id1 in C:\inetpub\wwwroot\ozgur\form.php on line 37
[07-Jul-2022 06:59:26 UTC] PHP Notice:  Undefined property: form::$type1 in C:\inetpub\wwwroot\ozgur\form.php on line 38
[07-Jul-2022 06:59:26 UTC] PHP Notice:  Undefined property: form::$class in C:\inetpub\wwwroot\ozgur\form.php on line 39
[07-Jul-2022 06:59:26 UTC] PHP Notice:  Undefined property: form::$stil in C:\inetpub\wwwroot\ozgur\form.php on line 40
[07-Jul-2022 06:59:26 UTC] PHP Notice:  Undefined property: form::$id in C:\inetpub\wwwroot\ozgur\form.php on line 69
[07-Jul-2022 06:59:26 UTC] PHP Notice:  Undefined property: form::$text in C:\inetpub\wwwroot\ozgur\form.php on line 70
[07-Jul-2022 06:59:26 UTC] PHP Notice:  Undefined property: form::$style in C:\inetpub\wwwroot\ozgur\form.php on line 71
[07-Jul-2022 06:59:26 UTC] PHP Notice:  Undefined property: form::$id1 in C:\inetpub\wwwroot\ozgur\form.php on line 37
[07-Jul-2022 06:59:26 UTC] PHP Notice:  Undefined property: form::$type1 in C:\inetpub\wwwroot\ozgur\form.php on line 38
[07-Jul-2022 06:59:26 UTC] PHP Notice:  Undefined property: form::$class in C:\inetpub\wwwroot\ozgur\form.php on line 39
[07-Jul-2022 06:59:26 UTC] PHP Notice:  Undefined property: form::$stil in C:\inetpub\wwwroot\ozgur\form.php on line 40
[07-Jul-2022 06:59:26 UTC] PHP Notice:  Undefined property: form::$id in C:\inetpub\wwwroot\ozgur\form.php on line 69
[07-Jul-2022 06:59:26 UTC] PHP Notice:  Undefined property: form::$text in C:\inetpub\wwwroot\ozgur\form.php on line 70
[07-Jul-2022 06:59:26 UTC] PHP Notice:  Undefined property: form::$style in C:\inetpub\wwwroot\ozgur\form.php on line 71
[07-Jul-2022 06:59:26 UTC] PHP Notice:  Undefined property: form::$id1 in C:\inetpub\wwwroot\ozgur\form.php on line 37
[07-Jul-2022 06:59:26 UTC] PHP Notice:  Undefined property: form::$type1 in C:\inetpub\wwwroot\ozgur\form.php on line 38
[07-Jul-2022 06:59:26 UTC] PHP Notice:  Undefined property: form::$class in C:\inetpub\wwwroot\ozgur\form.php on line 39
[07-Jul-2022 06:59:26 UTC] PHP Notice:  Undefined property: form::$stil in C:\inetpub\wwwroot\ozgur\form.php on line 40
[07-Jul-2022 06:59:26 UTC] PHP Notice:  Undefined property: form::$id2 in C:\inetpub\wwwroot\ozgur\form.php on line 56
[07-Jul-2022 06:59:26 UTC] PHP Notice:  Undefined property: form::$submit in C:\inetpub\wwwroot\ozgur\form.php on line 57
[07-Jul-2022 06:59:26 UTC] PHP Notice:  Undefined property: form::$val in C:\inetpub\wwwroot\ozgur\form.php on line 58
[07-Jul-2022 06:59:26 UTC] PHP Notice:  Undefined property: form::$class in C:\inetpub\wwwroot\ozgur\form.php on line 59
[07-Jul-2022 06:59:26 UTC] PHP Notice:  Undefined property: form::$stil in C:\inetpub\wwwroot\ozgur\form.php on line 60
